{"uuid":"b7055a01-f169-4e7a-aa6b-e75cfb53e7da","historyId":"1e4a55a689e10e825a1dac6d6795c0d0","status":"failed","statusDetails":{"message":"The pending request #-1000 (\"isReady\") has been rejected due to the following error:","trace":"The pending request #-1000 (\"isReady\") has been rejected due to the following error:\n\nThe app has crashed, see the details below:\n\nException was thrown: \nRCTFatalException: Unhandled JS Exception: TypeError: Cannot read property 'mutation' of undefined, js engine: hermes\nUnhandled JS Exception: TypeError: Cannot read property 'mutation' of undefined, js engine: hermes, stack:\nanonymous@158403:42\nloadModuleImplementation@153:13\nguardedLoadModule@92:37\nmetroRequire@38:91\nanonymous@158372:23\nloadModuleImplementation@153:13\nguardedLoadModule@92:37\nmetroRequire@38:91\nanonymous@63308:20\nloadModuleImplementation@153:13\nguardedLoadModule@92:37\nmetroRequire@38:91\nanonymous@776:43\nloadModuleImplementation@153:13\nguardedLoadModule@85:46\nmetroRequire@38:91\nglobal@178031:3\n\n(\n\t0   CoreFoundation                      0x00000001804ae0ec __exceptionPreprocess + 160\n\t1   libobjc.A.dylib                     0x0000000180087db4 objc_exception_throw + 56\n\t2   spacex                              0x0000000102f0b150 RCTFormatError + 0\n\t3   spacex                              0x0000000102f813f8 -[RCTExceptionsManager reportFatal:stack:exceptionId:extraDataAsJSON:] + 488\n\t4   spacex                              0x0000000102f81c08 -[RCTExceptionsManager reportException:] + 1304\n\t5   CoreFoundation                      0x00000001804b4720 __invoking___ + 144\n\t6   CoreFoundation                      0x00000001804b1a84 -[NSInvocation invoke] + 276\n\t7   CoreFoundation                      0x00000001804b1d1c -[NSInvocation invokeWithTarget:] + 60\n\t8   spacex                              0x0000000102f3ff6c -[RCTModuleMethod invokeWithBridge:module:arguments:] + 388\n\t9   spacex                              0x0000000102f42054 facebook::react::invokeInner(RCTBridge*, RCTModuleData*, unsigned int, folly::dynamic const&, int, (anonymous namespace)::SchedulingContext) + 456\n\t10  spacex                              0x0000000102f41cac invocation function for block in facebook::react::RCTNativeModule::invoke(unsigned int, folly::dynamic&&, int) + 112\n\t11  DetoxSync                           0x0000000104ec7bb8 ____detox_sync_dispatch_wrapper_block_invoke + 44\n\t12  libdispatch.dylib                   0x0000000180170104 _dispatch_call_block_and_release + 24\n\t13  libdispatch.dylib                   0x0000000180171978 _dispatch_client_callout + 16\n\t14  libdispatch.dylib                   0x0000000180179b10 _dispatch_lane_serial_drain + 960\n\t15  libdispatch.dylib                   0x000000018017a688 _dispatch_lane_invoke + 388\n\t16  libdispatch.dylib                   0x0000000180185a84 _dispatch_root_queue_drain_deferred_wlh + 276\n\t17  libdispatch.dylib                   0x00000001801850d0 _dispatch_workloop_worker_thread + 448\n\t18  libsystem_pthread.dylib             0x0000000103ff7814 _pthread_wqthread + 284\n\t19  libsystem_pthread.dylib             0x0000000103ff65d4 start_wqthread + 8\n)\n    at Object.launchApp (/Users/avasic/Desktop/space-x-launches/e2e/features/auth/login.test.ts:6:18)\n    at Generator.next (<anonymous>)\n    at asyncGeneratorStep (/Users/avasic/Desktop/space-x-launches/node_modules/@babel/runtime/helpers/asyncToGenerator.js:3:17)\n    at _next (/Users/avasic/Desktop/space-x-launches/node_modules/@babel/runtime/helpers/asyncToGenerator.js:17:9)\n    at /Users/avasic/Desktop/space-x-launches/node_modules/@babel/runtime/helpers/asyncToGenerator.js:22:7\n    at new Promise (<anonymous>)\n    at Object.<anonymous> (/Users/avasic/Desktop/space-x-launches/node_modules/@babel/runtime/helpers/asyncToGenerator.js:14:12)\n    at Promise.then.completed (/Users/avasic/Desktop/space-x-launches/node_modules/jest-circus/build/utils.js:298:28)\n    at new Promise (<anonymous>)\n    at callAsyncCircusFn (/Users/avasic/Desktop/space-x-launches/node_modules/jest-circus/build/utils.js:231:10)\n    at _callCircusHook (/Users/avasic/Desktop/space-x-launches/node_modules/jest-circus/build/run.js:281:40)\n    at _runTestsForDescribeBlock (/Users/avasic/Desktop/space-x-launches/node_modules/jest-circus/build/run.js:95:7)\n    at _runTestsForDescribeBlock (/Users/avasic/Desktop/space-x-launches/node_modules/jest-circus/build/run.js:121:9)\n    at run (/Users/avasic/Desktop/space-x-launches/node_modules/jest-circus/build/run.js:71:3)\n    at runAndTransformResultsToJestFormat (/Users/avasic/Desktop/space-x-launches/node_modules/jest-circus/build/legacy-code-todo-rewrite/jestAdapterInit.js:122:21)\n    at jestAdapter (/Users/avasic/Desktop/space-x-launches/node_modules/jest-circus/build/legacy-code-todo-rewrite/jestAdapter.js:79:19)\n    at runTestInternal (/Users/avasic/Desktop/space-x-launches/node_modules/jest-runner/build/runTest.js:367:16)\n    at runTest (/Users/avasic/Desktop/space-x-launches/node_modules/jest-runner/build/runTest.js:444:34)"},"stage":"finished","steps":[],"attachments":[],"parameters":[],"labels":[{"name":"package","value":"space-x-launches"},{"name":"suite","value":"e2e/features/auth/login.test.ts"},{"name":"subSuite","value":"Log in and out"},{"name":"thread","value":"1"}],"links":[],"start":1724246742029,"name":"should show error with invalid credentials","fullName":"Log in and out should show error with invalid credentials","description":"Code preview is not available","stop":1724246742031}