{"/Users/avasic/Desktop/space-x-launches/assets/icons/CloseIcon.svg": {"path":"/Users/avasic/Desktop/space-x-launches/assets/icons/CloseIcon.svg","statementMap":{"0":{"start":{"line":1,"column":0},"end":{"line":1,"column":19}}},"fnMap":{},"branchMap":{},"s":{"0":1},"f":{},"b":{},"_coverageSchema":"1a1c01bbd47fc00a2c39e90264f33305004495a9","hash":"8fbc0d615e30d8738eb26d9167b93315976b5f07"}
,"/Users/avasic/Desktop/space-x-launches/assets/icons/RocketIcon.svg": {"path":"/Users/avasic/Desktop/space-x-launches/assets/icons/RocketIcon.svg","statementMap":{"0":{"start":{"line":1,"column":0},"end":{"line":1,"column":19}}},"fnMap":{},"branchMap":{},"s":{"0":1},"f":{},"b":{},"_coverageSchema":"1a1c01bbd47fc00a2c39e90264f33305004495a9","hash":"693456a20b4d094c0b07f533e6380f10c7d29de4"}
,"/Users/avasic/Desktop/space-x-launches/assets/icons/index.ts": {"path":"/Users/avasic/Desktop/space-x-launches/assets/icons/index.ts","statementMap":{"0":{"start":{"line":1,"column":21},"end":{"line":4,"column":1}}},"fnMap":{},"branchMap":{},"s":{"0":1},"f":{},"b":{},"_coverageSchema":"1a1c01bbd47fc00a2c39e90264f33305004495a9","hash":"36c09ffba711646a232e556f422915ef1a923887"}
,"/Users/avasic/Desktop/space-x-launches/src/components/index.ts": {"path":"/Users/avasic/Desktop/space-x-launches/src/components/index.ts","statementMap":{},"fnMap":{},"branchMap":{},"s":{},"f":{},"b":{},"_coverageSchema":"1a1c01bbd47fc00a2c39e90264f33305004495a9","hash":"77c9d264e858937d6527d4174b7d38890411b41e"}
,"/Users/avasic/Desktop/space-x-launches/src/components/SXButton/SXButton.view.tsx": {"path":"/Users/avasic/Desktop/space-x-launches/src/components/SXButton/SXButton.view.tsx","statementMap":{"0":{"start":{"line":9,"column":32},"end":{"line":28,"column":1}},"1":{"start":{"line":17,"column":24},"end":{"line":17,"column":54}},"2":{"start":{"line":19,"column":2},"end":{"line":27,"column":4}}},"fnMap":{"0":{"name":"(anonymous_0)","decl":{"start":{"line":9,"column":32},"end":{"line":9,"column":33}},"loc":{"start":{"line":16,"column":6},"end":{"line":28,"column":1}},"line":16}},"branchMap":{"0":{"loc":{"start":{"line":10,"column":2},"end":{"line":10,"column":22}},"type":"default-arg","locations":[{"start":{"line":10,"column":11},"end":{"line":10,"column":22}}],"line":10},"1":{"loc":{"start":{"line":11,"column":2},"end":{"line":11,"column":18}},"type":"default-arg","locations":[{"start":{"line":11,"column":13},"end":{"line":11,"column":18}}],"line":11},"2":{"loc":{"start":{"line":14,"column":2},"end":{"line":14,"column":18}},"type":"default-arg","locations":[{"start":{"line":14,"column":9},"end":{"line":14,"column":18}}],"line":14}},"s":{"0":1,"1":0,"2":0},"f":{"0":0},"b":{"0":[0],"1":[0],"2":[0]},"_coverageSchema":"1a1c01bbd47fc00a2c39e90264f33305004495a9","hash":"6d435e93f874b48ceeae0364a71cc9905348326f"}
,"/Users/avasic/Desktop/space-x-launches/src/components/SXButton/styles.ts": {"path":"/Users/avasic/Desktop/space-x-launches/src/components/SXButton/styles.ts","statementMap":{"0":{"start":{"line":5,"column":15},"end":{"line":10,"column":2}}},"fnMap":{},"branchMap":{},"s":{"0":1},"f":{},"b":{},"_coverageSchema":"1a1c01bbd47fc00a2c39e90264f33305004495a9","hash":"37441a92b98798c0d2ce7e1e55eb11c3828476f6"}
,"/Users/avasic/Desktop/space-x-launches/src/components/SXButton/useViewModel.ts": {"path":"/Users/avasic/Desktop/space-x-launches/src/components/SXButton/useViewModel.ts","statementMap":{"0":{"start":{"line":5,"column":21},"end":{"line":24,"column":1}},"1":{"start":{"line":6,"column":21},"end":{"line":6,"column":31}},"2":{"start":{"line":8,"column":25},"end":{"line":19,"column":3}},"3":{"start":{"line":9,"column":4},"end":{"line":13,"column":5}},"4":{"start":{"line":10,"column":6},"end":{"line":12,"column":8}},"5":{"start":{"line":15,"column":4},"end":{"line":18,"column":6}},"6":{"start":{"line":21,"column":2},"end":{"line":23,"column":4}}},"fnMap":{"0":{"name":"(anonymous_0)","decl":{"start":{"line":5,"column":21},"end":{"line":5,"column":22}},"loc":{"start":{"line":5,"column":59},"end":{"line":24,"column":1}},"line":5},"1":{"name":"(anonymous_1)","decl":{"start":{"line":8,"column":25},"end":{"line":8,"column":26}},"loc":{"start":{"line":8,"column":31},"end":{"line":19,"column":3}},"line":8}},"branchMap":{"0":{"loc":{"start":{"line":9,"column":4},"end":{"line":13,"column":5}},"type":"if","locations":[{"start":{"line":9,"column":4},"end":{"line":13,"column":5}},{"start":{},"end":{}}],"line":9},"1":{"loc":{"start":{"line":17,"column":8},"end":{"line":17,"column":74}},"type":"cond-expr","locations":[{"start":{"line":17,"column":29},"end":{"line":17,"column":50}},{"start":{"line":17,"column":53},"end":{"line":17,"column":74}}],"line":17}},"s":{"0":1,"1":0,"2":0,"3":0,"4":0,"5":0,"6":0},"f":{"0":0,"1":0},"b":{"0":[0,0],"1":[0,0]},"_coverageSchema":"1a1c01bbd47fc00a2c39e90264f33305004495a9","hash":"c812cbef22230a2d4043cc84a09219fc7735363a"}
,"/Users/avasic/Desktop/space-x-launches/src/components/SXCarousel/Indicator.view.tsx": {"path":"/Users/avasic/Desktop/space-x-launches/src/components/SXCarousel/Indicator.view.tsx","statementMap":{"0":{"start":{"line":7,"column":34},"end":{"line":12,"column":1}},"1":{"start":{"line":8,"column":28},"end":{"line":8,"column":60}},"2":{"start":{"line":9,"column":26},"end":{"line":9,"column":50}},"3":{"start":{"line":11,"column":2},"end":{"line":11,"column":69}}},"fnMap":{"0":{"name":"(anonymous_0)","decl":{"start":{"line":7,"column":34},"end":{"line":7,"column":35}},"loc":{"start":{"line":7,"column":43},"end":{"line":12,"column":1}},"line":7}},"branchMap":{},"s":{"0":1,"1":0,"2":0,"3":0},"f":{"0":0},"b":{},"_coverageSchema":"1a1c01bbd47fc00a2c39e90264f33305004495a9","hash":"640aad2b729c648084f9c672b5560216f756dbcb"}
,"/Users/avasic/Desktop/space-x-launches/src/components/SXCarousel/SXCarousel.view.tsx": {"path":"/Users/avasic/Desktop/space-x-launches/src/components/SXCarousel/SXCarousel.view.tsx","statementMap":{"0":{"start":{"line":12,"column":36},"end":{"line":40,"column":1}},"1":{"start":{"line":13,"column":29},"end":{"line":13,"column":60}},"2":{"start":{"line":14,"column":40},"end":{"line":14,"column":60}},"3":{"start":{"line":16,"column":2},"end":{"line":39,"column":4}},"4":{"start":{"line":31,"column":12},"end":{"line":35,"column":14}}},"fnMap":{"0":{"name":"(anonymous_0)","decl":{"start":{"line":12,"column":36},"end":{"line":12,"column":37}},"loc":{"start":{"line":12,"column":76},"end":{"line":40,"column":1}},"line":12},"1":{"name":"(anonymous_1)","decl":{"start":{"line":30,"column":23},"end":{"line":30,"column":24}},"loc":{"start":{"line":31,"column":12},"end":{"line":35,"column":14}},"line":31}},"branchMap":{"0":{"loc":{"start":{"line":12,"column":38},"end":{"line":12,"column":60}},"type":"default-arg","locations":[{"start":{"line":12,"column":47},"end":{"line":12,"column":60}}],"line":12},"1":{"loc":{"start":{"line":29,"column":9},"end":{"line":36,"column":12}},"type":"binary-expr","locations":[{"start":{"line":29,"column":9},"end":{"line":29,"column":32}},{"start":{"line":30,"column":10},"end":{"line":36,"column":12}}],"line":29}},"s":{"0":1,"1":0,"2":0,"3":0,"4":0},"f":{"0":0,"1":0},"b":{"0":[0],"1":[0,0]},"_coverageSchema":"1a1c01bbd47fc00a2c39e90264f33305004495a9","hash":"c40e8235c3228305df7e2b98bdd65eb96e12003e"}
,"/Users/avasic/Desktop/space-x-launches/src/components/SXCarousel/styles.ts": {"path":"/Users/avasic/Desktop/space-x-launches/src/components/SXCarousel/styles.ts","statementMap":{"0":{"start":{"line":5,"column":15},"end":{"line":17,"column":2}}},"fnMap":{},"branchMap":{},"s":{"0":1},"f":{},"b":{},"_coverageSchema":"1a1c01bbd47fc00a2c39e90264f33305004495a9","hash":"1968c4c3a80e683881b9704aea9f963b467b4c7d"}
,"/Users/avasic/Desktop/space-x-launches/src/components/SXCarousel/useViewModel.ts": {"path":"/Users/avasic/Desktop/space-x-launches/src/components/SXCarousel/useViewModel.ts","statementMap":{"0":{"start":{"line":18,"column":38},"end":{"line":28,"column":1}},"1":{"start":{"line":19,"column":23},"end":{"line":19,"column":40}},"2":{"start":{"line":20,"column":24},"end":{"line":22,"column":4}},"3":{"start":{"line":21,"column":4},"end":{"line":21,"column":47}},"4":{"start":{"line":24,"column":2},"end":{"line":27,"column":4}},"5":{"start":{"line":30,"column":37},"end":{"line":57,"column":1}},"6":{"start":{"line":34,"column":21},"end":{"line":34,"column":31}},"7":{"start":{"line":36,"column":20},"end":{"line":36,"column":39}},"8":{"start":{"line":37,"column":19},"end":{"line":37,"column":40}},"9":{"start":{"line":39,"column":24},"end":{"line":52,"column":4}},"10":{"start":{"line":40,"column":18},"end":{"line":40,"column":51}},"11":{"start":{"line":41,"column":23},"end":{"line":41,"column":52}},"12":{"start":{"line":42,"column":26},"end":{"line":46,"column":6}},"13":{"start":{"line":48,"column":4},"end":{"line":51,"column":6}},"14":{"start":{"line":54,"column":2},"end":{"line":56,"column":4}},"15":{"start":{"line":59,"column":28},"end":{"line":64,"column":79}},"16":{"start":{"line":64,"column":2},"end":{"line":64,"column":79}}},"fnMap":{"0":{"name":"(anonymous_0)","decl":{"start":{"line":18,"column":38},"end":{"line":18,"column":39}},"loc":{"start":{"line":18,"column":66},"end":{"line":28,"column":1}},"line":18},"1":{"name":"(anonymous_1)","decl":{"start":{"line":20,"column":49},"end":{"line":20,"column":50}},"loc":{"start":{"line":20,"column":58},"end":{"line":22,"column":3}},"line":20},"2":{"name":"(anonymous_2)","decl":{"start":{"line":30,"column":37},"end":{"line":30,"column":38}},"loc":{"start":{"line":33,"column":57},"end":{"line":57,"column":1}},"line":33},"3":{"name":"(anonymous_3)","decl":{"start":{"line":39,"column":41},"end":{"line":39,"column":42}},"loc":{"start":{"line":39,"column":47},"end":{"line":52,"column":3}},"line":39},"4":{"name":"(anonymous_4)","decl":{"start":{"line":59,"column":28},"end":{"line":59,"column":29}},"loc":{"start":{"line":64,"column":2},"end":{"line":64,"column":79}},"line":64}},"branchMap":{"0":{"loc":{"start":{"line":64,"column":2},"end":{"line":64,"column":79}},"type":"cond-expr","locations":[{"start":{"line":64,"column":24},"end":{"line":64,"column":46}},{"start":{"line":64,"column":50},"end":{"line":64,"column":78}}],"line":64}},"s":{"0":1,"1":0,"2":0,"3":0,"4":0,"5":1,"6":0,"7":0,"8":0,"9":0,"10":0,"11":0,"12":0,"13":0,"14":0,"15":1,"16":0},"f":{"0":0,"1":0,"2":0,"3":0,"4":0},"b":{"0":[0,0]},"_coverageSchema":"1a1c01bbd47fc00a2c39e90264f33305004495a9","hash":"1ed2e9b9c17e70abdcdec1fe721d6d7ced8f7a13"}
,"/Users/avasic/Desktop/space-x-launches/src/components/SXCheckbox/SXCheckbox.view.tsx": {"path":"/Users/avasic/Desktop/space-x-launches/src/components/SXCheckbox/SXCheckbox.view.tsx","statementMap":{"0":{"start":{"line":9,"column":36},"end":{"line":27,"column":1}},"1":{"start":{"line":10,"column":51},"end":{"line":10,"column":69}},"2":{"start":{"line":12,"column":2},"end":{"line":26,"column":4}}},"fnMap":{"0":{"name":"(anonymous_0)","decl":{"start":{"line":9,"column":36},"end":{"line":9,"column":37}},"loc":{"start":{"line":9,"column":75},"end":{"line":27,"column":1}},"line":9}},"branchMap":{"0":{"loc":{"start":{"line":9,"column":38},"end":{"line":9,"column":60}},"type":"default-arg","locations":[{"start":{"line":9,"column":47},"end":{"line":9,"column":60}}],"line":9},"1":{"loc":{"start":{"line":17,"column":7},"end":{"line":24,"column":7}},"type":"binary-expr","locations":[{"start":{"line":17,"column":7},"end":{"line":17,"column":16}},{"start":{"line":18,"column":8},"end":{"line":23,"column":10}}],"line":17}},"s":{"0":1,"1":0,"2":0},"f":{"0":0},"b":{"0":[0],"1":[0,0]},"_coverageSchema":"1a1c01bbd47fc00a2c39e90264f33305004495a9","hash":"2c04e9813de50671b5f031ac400bed41075fc892"}
,"/Users/avasic/Desktop/space-x-launches/src/components/SXCheckbox/styles.ts": {"path":"/Users/avasic/Desktop/space-x-launches/src/components/SXCheckbox/styles.ts","statementMap":{"0":{"start":{"line":5,"column":15},"end":{"line":18,"column":2}}},"fnMap":{},"branchMap":{},"s":{"0":1},"f":{},"b":{},"_coverageSchema":"1a1c01bbd47fc00a2c39e90264f33305004495a9","hash":"9fd410934627a42bedca4fdf0ebd856280c1bc64"}
,"/Users/avasic/Desktop/space-x-launches/src/components/SXCheckbox/useViewModel.ts": {"path":"/Users/avasic/Desktop/space-x-launches/src/components/SXCheckbox/useViewModel.ts","statementMap":{"0":{"start":{"line":7,"column":21},"end":{"line":18,"column":1}},"1":{"start":{"line":8,"column":36},"end":{"line":8,"column":58}},"2":{"start":{"line":10,"column":21},"end":{"line":10,"column":31}},"3":{"start":{"line":12,"column":25},"end":{"line":15,"column":3}},"4":{"start":{"line":13,"column":4},"end":{"line":13,"column":24}},"5":{"start":{"line":14,"column":4},"end":{"line":14,"column":32}},"6":{"start":{"line":14,"column":25},"end":{"line":14,"column":30}},"7":{"start":{"line":17,"column":2},"end":{"line":17,"column":71}}},"fnMap":{"0":{"name":"(anonymous_0)","decl":{"start":{"line":7,"column":21},"end":{"line":7,"column":22}},"loc":{"start":{"line":7,"column":74},"end":{"line":18,"column":1}},"line":7},"1":{"name":"(anonymous_1)","decl":{"start":{"line":12,"column":25},"end":{"line":12,"column":26}},"loc":{"start":{"line":12,"column":31},"end":{"line":15,"column":3}},"line":12},"2":{"name":"(anonymous_2)","decl":{"start":{"line":14,"column":17},"end":{"line":14,"column":18}},"loc":{"start":{"line":14,"column":25},"end":{"line":14,"column":30}},"line":14}},"branchMap":{"0":{"loc":{"start":{"line":7,"column":23},"end":{"line":7,"column":43}},"type":"default-arg","locations":[{"start":{"line":7,"column":38},"end":{"line":7,"column":43}}],"line":7}},"s":{"0":1,"1":0,"2":0,"3":0,"4":0,"5":0,"6":0,"7":0},"f":{"0":0,"1":0,"2":0},"b":{"0":[0]},"_coverageSchema":"1a1c01bbd47fc00a2c39e90264f33305004495a9","hash":"d9b7e0241202db5429e2e9bfc34c000dc816377f"}
,"/Users/avasic/Desktop/space-x-launches/src/components/SXForm/utils.ts": {"path":"/Users/avasic/Desktop/space-x-launches/src/components/SXForm/utils.ts","statementMap":{"0":{"start":{"line":16,"column":41},"end":{"line":47,"column":1}},"1":{"start":{"line":23,"column":30},"end":{"line":42,"column":6}},"2":{"start":{"line":24,"column":4},"end":{"line":42,"column":6}},"3":{"start":{"line":28,"column":8},"end":{"line":41,"column":10}},"4":{"start":{"line":30,"column":12},"end":{"line":30,"column":27}},"5":{"start":{"line":32,"column":12},"end":{"line":35,"column":13}},"6":{"start":{"line":34,"column":14},"end":{"line":34,"column":28}},"7":{"start":{"line":44,"column":2},"end":{"line":44,"column":93}},"8":{"start":{"line":46,"column":2},"end":{"line":46,"column":29}}},"fnMap":{"0":{"name":"(anonymous_0)","decl":{"start":{"line":16,"column":41},"end":{"line":16,"column":42}},"loc":{"start":{"line":22,"column":5},"end":{"line":47,"column":1}},"line":22},"1":{"name":"(anonymous_1)","decl":{"start":{"line":23,"column":30},"end":{"line":23,"column":31}},"loc":{"start":{"line":24,"column":4},"end":{"line":42,"column":6}},"line":24},"2":{"name":"(anonymous_2)","decl":{"start":{"line":27,"column":14},"end":{"line":27,"column":15}},"loc":{"start":{"line":28,"column":8},"end":{"line":41,"column":10}},"line":28},"3":{"name":"(anonymous_3)","decl":{"start":{"line":29,"column":18},"end":{"line":29,"column":19}},"loc":{"start":{"line":29,"column":24},"end":{"line":36,"column":11}},"line":29}},"branchMap":{"0":{"loc":{"start":{"line":18,"column":2},"end":{"line":21,"column":3}},"type":"default-arg","locations":[{"start":{"line":18,"column":73},"end":{"line":21,"column":3}}],"line":18},"1":{"loc":{"start":{"line":32,"column":12},"end":{"line":35,"column":13}},"type":"if","locations":[{"start":{"line":32,"column":12},"end":{"line":35,"column":13}},{"start":{},"end":{}}],"line":32},"2":{"loc":{"start":{"line":39,"column":14},"end":{"line":39,"column":72}},"type":"binary-expr","locations":[{"start":{"line":39,"column":14},"end":{"line":39,"column":33}},{"start":{"line":39,"column":37},"end":{"line":39,"column":72}}],"line":39},"3":{"loc":{"start":{"line":44,"column":51},"end":{"line":44,"column":90}},"type":"binary-expr","locations":[{"start":{"line":44,"column":51},"end":{"line":44,"column":72}},{"start":{"line":44,"column":76},"end":{"line":44,"column":90}}],"line":44}},"s":{"0":1,"1":4,"2":0,"3":0,"4":0,"5":0,"6":0,"7":4,"8":4},"f":{"0":4,"1":0,"2":0,"3":0},"b":{"0":[0],"1":[0,0],"2":[0,0],"3":[4,3]},"_coverageSchema":"1a1c01bbd47fc00a2c39e90264f33305004495a9","hash":"ea80ccda3d26feb7492401e51d44f08b8af9494c"}
,"/Users/avasic/Desktop/space-x-launches/src/components/SXHeader/SXHeader.view.tsx": {"path":"/Users/avasic/Desktop/space-x-launches/src/components/SXHeader/SXHeader.view.tsx","statementMap":{"0":{"start":{"line":9,"column":27},"end":{"line":17,"column":1}},"1":{"start":{"line":10,"column":28},"end":{"line":10,"column":42}},"2":{"start":{"line":11,"column":2},"end":{"line":16,"column":4}}},"fnMap":{"0":{"name":"(anonymous_0)","decl":{"start":{"line":9,"column":27},"end":{"line":9,"column":28}},"loc":{"start":{"line":9,"column":33},"end":{"line":17,"column":1}},"line":9}},"branchMap":{},"s":{"0":1,"1":0,"2":0},"f":{"0":0},"b":{},"_coverageSchema":"1a1c01bbd47fc00a2c39e90264f33305004495a9","hash":"26b48724d7ffc26701f85d599c18eff1a468fb0c"}
,"/Users/avasic/Desktop/space-x-launches/src/components/SXHeader/styles.ts": {"path":"/Users/avasic/Desktop/space-x-launches/src/components/SXHeader/styles.ts","statementMap":{"0":{"start":{"line":5,"column":15},"end":{"line":14,"column":2}}},"fnMap":{},"branchMap":{},"s":{"0":1},"f":{},"b":{},"_coverageSchema":"1a1c01bbd47fc00a2c39e90264f33305004495a9","hash":"b34fd97b0397a9b423dce5a7f9be9bb03ae29dc7"}
,"/Users/avasic/Desktop/space-x-launches/src/components/SXHeader/useViewModel.ts": {"path":"/Users/avasic/Desktop/space-x-launches/src/components/SXHeader/useViewModel.ts","statementMap":{"0":{"start":{"line":3,"column":21},"end":{"line":9,"column":1}},"1":{"start":{"line":4,"column":21},"end":{"line":4,"column":31}},"2":{"start":{"line":6,"column":2},"end":{"line":8,"column":4}}},"fnMap":{"0":{"name":"(anonymous_0)","decl":{"start":{"line":3,"column":21},"end":{"line":3,"column":22}},"loc":{"start":{"line":3,"column":27},"end":{"line":9,"column":1}},"line":3}},"branchMap":{},"s":{"0":1,"1":0,"2":0},"f":{"0":0},"b":{},"_coverageSchema":"1a1c01bbd47fc00a2c39e90264f33305004495a9","hash":"174f4362a25b50a764c27baddc68da97cbf37a43"}
,"/Users/avasic/Desktop/space-x-launches/src/components/SXIcon/SXIcon.view.tsx": {"path":"/Users/avasic/Desktop/space-x-launches/src/components/SXIcon/SXIcon.view.tsx","statementMap":{"0":{"start":{"line":11,"column":28},"end":{"line":41,"column":1}},"1":{"start":{"line":19,"column":23},"end":{"line":19,"column":41}},"2":{"start":{"line":21,"column":2},"end":{"line":24,"column":3}},"3":{"start":{"line":22,"column":4},"end":{"line":22,"column":67}},"4":{"start":{"line":23,"column":4},"end":{"line":23,"column":16}},"5":{"start":{"line":26,"column":22},"end":{"line":26,"column":72}},"6":{"start":{"line":28,"column":2},"end":{"line":34,"column":3}},"7":{"start":{"line":29,"column":4},"end":{"line":33,"column":6}},"8":{"start":{"line":36,"column":2},"end":{"line":40,"column":4}}},"fnMap":{"0":{"name":"(anonymous_0)","decl":{"start":{"line":11,"column":28},"end":{"line":11,"column":29}},"loc":{"start":{"line":18,"column":6},"end":{"line":41,"column":1}},"line":18}},"branchMap":{"0":{"loc":{"start":{"line":12,"column":2},"end":{"line":12,"column":20}},"type":"default-arg","locations":[{"start":{"line":12,"column":11},"end":{"line":12,"column":20}}],"line":12},"1":{"loc":{"start":{"line":13,"column":2},"end":{"line":13,"column":23}},"type":"default-arg","locations":[{"start":{"line":13,"column":10},"end":{"line":13,"column":23}}],"line":13},"2":{"loc":{"start":{"line":14,"column":2},"end":{"line":14,"column":24}},"type":"default-arg","locations":[{"start":{"line":14,"column":11},"end":{"line":14,"column":24}}],"line":14},"3":{"loc":{"start":{"line":21,"column":2},"end":{"line":24,"column":3}},"type":"if","locations":[{"start":{"line":21,"column":2},"end":{"line":24,"column":3}},{"start":{},"end":{}}],"line":21},"4":{"loc":{"start":{"line":28,"column":2},"end":{"line":34,"column":3}},"type":"if","locations":[{"start":{"line":28,"column":2},"end":{"line":34,"column":3}},{"start":{},"end":{}}],"line":28}},"s":{"0":1,"1":0,"2":0,"3":0,"4":0,"5":0,"6":0,"7":0,"8":0},"f":{"0":0},"b":{"0":[0],"1":[0],"2":[0],"3":[0,0],"4":[0,0]},"_coverageSchema":"1a1c01bbd47fc00a2c39e90264f33305004495a9","hash":"d619a3791f4a96ff39ccb137d6800e00044450bb"}
,"/Users/avasic/Desktop/space-x-launches/src/components/SXIcon/useViewModel.ts": {"path":"/Users/avasic/Desktop/space-x-launches/src/components/SXIcon/useViewModel.ts","statementMap":{"0":{"start":{"line":6,"column":21},"end":{"line":13,"column":1}},"1":{"start":{"line":7,"column":21},"end":{"line":7,"column":31}},"2":{"start":{"line":8,"column":15},"end":{"line":8,"column":28}},"3":{"start":{"line":10,"column":15},"end":{"line":10,"column":30}},"4":{"start":{"line":12,"column":2},"end":{"line":12,"column":22}}},"fnMap":{"0":{"name":"(anonymous_0)","decl":{"start":{"line":6,"column":21},"end":{"line":6,"column":22}},"loc":{"start":{"line":6,"column":65},"end":{"line":13,"column":1}},"line":6}},"branchMap":{"0":{"loc":{"start":{"line":6,"column":29},"end":{"line":6,"column":43}},"type":"default-arg","locations":[{"start":{"line":6,"column":37},"end":{"line":6,"column":43}}],"line":6}},"s":{"0":1,"1":0,"2":0,"3":0,"4":0},"f":{"0":0},"b":{"0":[0]},"_coverageSchema":"1a1c01bbd47fc00a2c39e90264f33305004495a9","hash":"ca292a1697530a62033bf0760703bbf48dd78794"}
,"/Users/avasic/Desktop/space-x-launches/src/components/SXImage/SXImage.view.tsx": {"path":"/Users/avasic/Desktop/space-x-launches/src/components/SXImage/SXImage.view.tsx","statementMap":{"0":{"start":{"line":9,"column":2},"end":{"line":9,"column":170}},"1":{"start":{"line":11,"column":30},"end":{"line":29,"column":1}},"2":{"start":{"line":17,"column":2},"end":{"line":28,"column":4}}},"fnMap":{"0":{"name":"(anonymous_0)","decl":{"start":{"line":11,"column":30},"end":{"line":11,"column":31}},"loc":{"start":{"line":16,"column":6},"end":{"line":29,"column":1}},"line":16}},"branchMap":{"0":{"loc":{"start":{"line":12,"column":2},"end":{"line":12,"column":21}},"type":"default-arg","locations":[{"start":{"line":12,"column":11},"end":{"line":12,"column":21}}],"line":12},"1":{"loc":{"start":{"line":15,"column":2},"end":{"line":15,"column":22}},"type":"default-arg","locations":[{"start":{"line":15,"column":15},"end":{"line":15,"column":22}}],"line":15}},"s":{"0":1,"1":1,"2":0},"f":{"0":0},"b":{"0":[0],"1":[0]},"_coverageSchema":"1a1c01bbd47fc00a2c39e90264f33305004495a9","hash":"7ce66d216830a811307118a84683d2a34eae97f6"}
,"/Users/avasic/Desktop/space-x-launches/src/components/SXImage/styles.ts": {"path":"/Users/avasic/Desktop/space-x-launches/src/components/SXImage/styles.ts","statementMap":{"0":{"start":{"line":3,"column":15},"end":{"line":14,"column":2}}},"fnMap":{},"branchMap":{},"s":{"0":1},"f":{},"b":{},"_coverageSchema":"1a1c01bbd47fc00a2c39e90264f33305004495a9","hash":"689481326dbfc59175ba38ebfaa10511c97404f5"}
,"/Users/avasic/Desktop/space-x-launches/src/components/SXLinearGradient/SXLinearGradient.view.tsx": {"path":"/Users/avasic/Desktop/space-x-launches/src/components/SXLinearGradient/SXLinearGradient.view.tsx","statementMap":{"0":{"start":{"line":7,"column":48},"end":{"line":22,"column":1}},"1":{"start":{"line":13,"column":25},"end":{"line":13,"column":47}},"2":{"start":{"line":14,"column":2},"end":{"line":21,"column":4}}},"fnMap":{"0":{"name":"(anonymous_0)","decl":{"start":{"line":7,"column":48},"end":{"line":7,"column":49}},"loc":{"start":{"line":12,"column":6},"end":{"line":22,"column":1}},"line":12}},"branchMap":{"0":{"loc":{"start":{"line":8,"column":2},"end":{"line":8,"column":31}},"type":"default-arg","locations":[{"start":{"line":8,"column":11},"end":{"line":8,"column":31}}],"line":8}},"s":{"0":1,"1":0,"2":0},"f":{"0":0},"b":{"0":[0]},"_coverageSchema":"1a1c01bbd47fc00a2c39e90264f33305004495a9","hash":"2ad1db03d8a9ce5aa9546a20c026dc06f226421d"}
,"/Users/avasic/Desktop/space-x-launches/src/components/SXLinearGradient/styles.ts": {"path":"/Users/avasic/Desktop/space-x-launches/src/components/SXLinearGradient/styles.ts","statementMap":{"0":{"start":{"line":3,"column":15},"end":{"line":7,"column":2}}},"fnMap":{},"branchMap":{},"s":{"0":1},"f":{},"b":{},"_coverageSchema":"1a1c01bbd47fc00a2c39e90264f33305004495a9","hash":"c9382f645a8bf30ba3fa713634a70a8aa5bef595"}
,"/Users/avasic/Desktop/space-x-launches/src/components/SXLinearGradient/useViewModel.ts": {"path":"/Users/avasic/Desktop/space-x-launches/src/components/SXLinearGradient/useViewModel.ts","statementMap":{"0":{"start":{"line":5,"column":21},"end":{"line":11,"column":1}},"1":{"start":{"line":6,"column":21},"end":{"line":6,"column":31}},"2":{"start":{"line":7,"column":23},"end":{"line":7,"column":59}},"3":{"start":{"line":7,"column":43},"end":{"line":7,"column":58}},"4":{"start":{"line":8,"column":2},"end":{"line":10,"column":4}}},"fnMap":{"0":{"name":"(anonymous_0)","decl":{"start":{"line":5,"column":21},"end":{"line":5,"column":22}},"loc":{"start":{"line":5,"column":51},"end":{"line":11,"column":1}},"line":5},"1":{"name":"(anonymous_1)","decl":{"start":{"line":7,"column":34},"end":{"line":7,"column":35}},"loc":{"start":{"line":7,"column":43},"end":{"line":7,"column":58}},"line":7}},"branchMap":{},"s":{"0":1,"1":0,"2":0,"3":0,"4":0},"f":{"0":0,"1":0},"b":{},"_coverageSchema":"1a1c01bbd47fc00a2c39e90264f33305004495a9","hash":"6dd7b9098f7fddbb5e64e7590dc5882beffa32d0"}
,"/Users/avasic/Desktop/space-x-launches/src/components/SXList/SXList.view.tsx": {"path":"/Users/avasic/Desktop/space-x-launches/src/components/SXList/SXList.view.tsx","statementMap":{"0":{"start":{"line":12,"column":15},"end":{"line":32,"column":1}},"1":{"start":{"line":18,"column":2},"end":{"line":20,"column":3}},"2":{"start":{"line":19,"column":4},"end":{"line":19,"column":25}},"3":{"start":{"line":22,"column":2},"end":{"line":25,"column":3}},"4":{"start":{"line":23,"column":4},"end":{"line":23,"column":70}},"5":{"start":{"line":24,"column":4},"end":{"line":24,"column":68}},"6":{"start":{"line":27,"column":2},"end":{"line":31,"column":4}}},"fnMap":{"0":{"name":"(anonymous_0)","decl":{"start":{"line":12,"column":15},"end":{"line":12,"column":16}},"loc":{"start":{"line":17,"column":22},"end":{"line":32,"column":1}},"line":17}},"branchMap":{"0":{"loc":{"start":{"line":13,"column":2},"end":{"line":13,"column":20}},"type":"default-arg","locations":[{"start":{"line":13,"column":11},"end":{"line":13,"column":20}}],"line":13},"1":{"loc":{"start":{"line":14,"column":2},"end":{"line":14,"column":17}},"type":"default-arg","locations":[{"start":{"line":14,"column":12},"end":{"line":14,"column":17}}],"line":14},"2":{"loc":{"start":{"line":18,"column":2},"end":{"line":20,"column":3}},"type":"if","locations":[{"start":{"line":18,"column":2},"end":{"line":20,"column":3}},{"start":{},"end":{}}],"line":18},"3":{"loc":{"start":{"line":22,"column":2},"end":{"line":25,"column":3}},"type":"if","locations":[{"start":{"line":22,"column":2},"end":{"line":25,"column":3}},{"start":{},"end":{}}],"line":22}},"s":{"0":1,"1":2,"2":1,"3":1,"4":0,"5":0,"6":1},"f":{"0":2},"b":{"0":[2],"1":[0],"2":[1,1],"3":[0,1]},"_coverageSchema":"1a1c01bbd47fc00a2c39e90264f33305004495a9","hash":"49f0ef460cc0ab071e60c24c15a3e8e44a3ecbfc"}
,"/Users/avasic/Desktop/space-x-launches/src/components/SXList/styles.ts": {"path":"/Users/avasic/Desktop/space-x-launches/src/components/SXList/styles.ts","statementMap":{"0":{"start":{"line":3,"column":15},"end":{"line":8,"column":2}}},"fnMap":{},"branchMap":{},"s":{"0":1},"f":{},"b":{},"_coverageSchema":"1a1c01bbd47fc00a2c39e90264f33305004495a9","hash":"07265926f39d4cc9ab2554639902937e89e8107f"}
,"/Users/avasic/Desktop/space-x-launches/src/components/SXLoading/SXLoading.view.tsx": {"path":"/Users/avasic/Desktop/space-x-launches/src/components/SXLoading/SXLoading.view.tsx","statementMap":{"0":{"start":{"line":8,"column":34},"end":{"line":18,"column":1}},"1":{"start":{"line":9,"column":21},"end":{"line":9,"column":31}},"2":{"start":{"line":10,"column":2},"end":{"line":17,"column":4}}},"fnMap":{"0":{"name":"(anonymous_0)","decl":{"start":{"line":8,"column":34},"end":{"line":8,"column":35}},"loc":{"start":{"line":8,"column":70},"end":{"line":18,"column":1}},"line":8}},"branchMap":{"0":{"loc":{"start":{"line":8,"column":36},"end":{"line":8,"column":57}},"type":"default-arg","locations":[{"start":{"line":8,"column":45},"end":{"line":8,"column":57}}],"line":8}},"s":{"0":1,"1":1,"2":1},"f":{"0":1},"b":{"0":[1]},"_coverageSchema":"1a1c01bbd47fc00a2c39e90264f33305004495a9","hash":"fd9d7efe8f2248078c2d40b3109d1d24d0b81c9d"}
,"/Users/avasic/Desktop/space-x-launches/src/components/SXModal/SXModal.view.tsx": {"path":"/Users/avasic/Desktop/space-x-launches/src/components/SXModal/SXModal.view.tsx","statementMap":{"0":{"start":{"line":12,"column":30},"end":{"line":43,"column":1}},"1":{"start":{"line":21,"column":28},"end":{"line":21,"column":42}},"2":{"start":{"line":23,"column":2},"end":{"line":42,"column":4}}},"fnMap":{"0":{"name":"(anonymous_0)","decl":{"start":{"line":12,"column":30},"end":{"line":12,"column":31}},"loc":{"start":{"line":20,"column":6},"end":{"line":43,"column":1}},"line":20}},"branchMap":{"0":{"loc":{"start":{"line":13,"column":2},"end":{"line":13,"column":21}},"type":"default-arg","locations":[{"start":{"line":13,"column":11},"end":{"line":13,"column":21}}],"line":13},"1":{"loc":{"start":{"line":15,"column":2},"end":{"line":15,"column":21}},"type":"default-arg","locations":[{"start":{"line":15,"column":17},"end":{"line":15,"column":21}}],"line":15},"2":{"loc":{"start":{"line":37,"column":11},"end":{"line":37,"column":67}},"type":"binary-expr","locations":[{"start":{"line":37,"column":11},"end":{"line":37,"column":23}},{"start":{"line":37,"column":27},"end":{"line":37,"column":67}}],"line":37}},"s":{"0":1,"1":0,"2":0},"f":{"0":0},"b":{"0":[0],"1":[0],"2":[0,0]},"_coverageSchema":"1a1c01bbd47fc00a2c39e90264f33305004495a9","hash":"1a7c10c24078018e0d46c983339549bedcb97665"}
,"/Users/avasic/Desktop/space-x-launches/src/components/SXModal/styles.ts": {"path":"/Users/avasic/Desktop/space-x-launches/src/components/SXModal/styles.ts","statementMap":{"0":{"start":{"line":5,"column":15},"end":{"line":23,"column":2}}},"fnMap":{},"branchMap":{},"s":{"0":1},"f":{},"b":{},"_coverageSchema":"1a1c01bbd47fc00a2c39e90264f33305004495a9","hash":"77041941c8004415cfe78f51711c24d87b6ca955"}
,"/Users/avasic/Desktop/space-x-launches/src/components/SXModal/useViewModel.ts": {"path":"/Users/avasic/Desktop/space-x-launches/src/components/SXModal/useViewModel.ts","statementMap":{"0":{"start":{"line":3,"column":21},"end":{"line":8,"column":1}},"1":{"start":{"line":4,"column":21},"end":{"line":4,"column":31}},"2":{"start":{"line":5,"column":2},"end":{"line":7,"column":4}}},"fnMap":{"0":{"name":"(anonymous_0)","decl":{"start":{"line":3,"column":21},"end":{"line":3,"column":22}},"loc":{"start":{"line":3,"column":27},"end":{"line":8,"column":1}},"line":3}},"branchMap":{},"s":{"0":1,"1":0,"2":0},"f":{"0":0},"b":{},"_coverageSchema":"1a1c01bbd47fc00a2c39e90264f33305004495a9","hash":"88acc98172bc11b2ab2d09e806b3db155b888af7"}
,"/Users/avasic/Desktop/space-x-launches/src/components/SXRadio/SXRadio.view.tsx": {"path":"/Users/avasic/Desktop/space-x-launches/src/components/SXRadio/SXRadio.view.tsx","statementMap":{"0":{"start":{"line":9,"column":30},"end":{"line":25,"column":1}},"1":{"start":{"line":11,"column":4},"end":{"line":11,"column":22}},"2":{"start":{"line":13,"column":2},"end":{"line":24,"column":4}}},"fnMap":{"0":{"name":"(anonymous_0)","decl":{"start":{"line":9,"column":30},"end":{"line":9,"column":31}},"loc":{"start":{"line":9,"column":66},"end":{"line":25,"column":1}},"line":9}},"branchMap":{"0":{"loc":{"start":{"line":9,"column":32},"end":{"line":9,"column":51}},"type":"default-arg","locations":[{"start":{"line":9,"column":41},"end":{"line":9,"column":51}}],"line":9}},"s":{"0":1,"1":0,"2":0},"f":{"0":0},"b":{"0":[0]},"_coverageSchema":"1a1c01bbd47fc00a2c39e90264f33305004495a9","hash":"8240252f174b7bbf34b886c421e3d49150d20097"}
,"/Users/avasic/Desktop/space-x-launches/src/components/SXRadio/styles.ts": {"path":"/Users/avasic/Desktop/space-x-launches/src/components/SXRadio/styles.ts","statementMap":{"0":{"start":{"line":5,"column":15},"end":{"line":20,"column":2}}},"fnMap":{},"branchMap":{},"s":{"0":1},"f":{},"b":{},"_coverageSchema":"1a1c01bbd47fc00a2c39e90264f33305004495a9","hash":"fa180f4edac06c7483dbf874cbc141d0ede74946"}
,"/Users/avasic/Desktop/space-x-launches/src/components/SXRadio/useViewModel.ts": {"path":"/Users/avasic/Desktop/space-x-launches/src/components/SXRadio/useViewModel.ts","statementMap":{"0":{"start":{"line":11,"column":21},"end":{"line":30,"column":1}},"1":{"start":{"line":12,"column":16},"end":{"line":12,"column":48}},"2":{"start":{"line":13,"column":21},"end":{"line":13,"column":31}},"3":{"start":{"line":15,"column":25},"end":{"line":18,"column":3}},"4":{"start":{"line":16,"column":4},"end":{"line":16,"column":64}},"5":{"start":{"line":17,"column":4},"end":{"line":17,"column":23}},"6":{"start":{"line":20,"column":23},"end":{"line":22,"column":5}},"7":{"start":{"line":20,"column":47},"end":{"line":22,"column":3}},"8":{"start":{"line":24,"column":2},"end":{"line":29,"column":4}}},"fnMap":{"0":{"name":"(anonymous_0)","decl":{"start":{"line":11,"column":21},"end":{"line":11,"column":22}},"loc":{"start":{"line":11,"column":70},"end":{"line":30,"column":1}},"line":11},"1":{"name":"(anonymous_1)","decl":{"start":{"line":15,"column":25},"end":{"line":15,"column":26}},"loc":{"start":{"line":15,"column":31},"end":{"line":18,"column":3}},"line":15},"2":{"name":"(anonymous_2)","decl":{"start":{"line":20,"column":40},"end":{"line":20,"column":41}},"loc":{"start":{"line":20,"column":47},"end":{"line":22,"column":3}},"line":20}},"branchMap":{"0":{"loc":{"start":{"line":11,"column":23},"end":{"line":11,"column":39}},"type":"default-arg","locations":[{"start":{"line":11,"column":34},"end":{"line":11,"column":39}}],"line":11},"1":{"loc":{"start":{"line":12,"column":31},"end":{"line":12,"column":47}},"type":"cond-expr","locations":[{"start":{"line":12,"column":42},"end":{"line":12,"column":43}},{"start":{"line":12,"column":46},"end":{"line":12,"column":47}}],"line":12},"2":{"loc":{"start":{"line":16,"column":29},"end":{"line":16,"column":45}},"type":"cond-expr","locations":[{"start":{"line":16,"column":40},"end":{"line":16,"column":41}},{"start":{"line":16,"column":44},"end":{"line":16,"column":45}}],"line":16}},"s":{"0":1,"1":0,"2":0,"3":0,"4":0,"5":0,"6":0,"7":0,"8":0},"f":{"0":0,"1":0,"2":0},"b":{"0":[0],"1":[0,0],"2":[0,0]},"_coverageSchema":"1a1c01bbd47fc00a2c39e90264f33305004495a9","hash":"50d7a4a22d44fd6cddb85fe1b878311b05ddc3d6"}
,"/Users/avasic/Desktop/space-x-launches/src/components/SXRootModal/SXRootModal.view.tsx": {"path":"/Users/avasic/Desktop/space-x-launches/src/components/SXRootModal/SXRootModal.view.tsx","statementMap":{"0":{"start":{"line":7,"column":38},"end":{"line":18,"column":1}},"1":{"start":{"line":8,"column":28},"end":{"line":8,"column":42}},"2":{"start":{"line":10,"column":2},"end":{"line":17,"column":4}}},"fnMap":{"0":{"name":"(anonymous_0)","decl":{"start":{"line":7,"column":38},"end":{"line":7,"column":39}},"loc":{"start":{"line":7,"column":70},"end":{"line":18,"column":1}},"line":7}},"branchMap":{"0":{"loc":{"start":{"line":7,"column":40},"end":{"line":7,"column":64}},"type":"default-arg","locations":[{"start":{"line":7,"column":49},"end":{"line":7,"column":64}}],"line":7}},"s":{"0":1,"1":0,"2":0},"f":{"0":0},"b":{"0":[0]},"_coverageSchema":"1a1c01bbd47fc00a2c39e90264f33305004495a9","hash":"ed786b66ece0bd6ce9054d4a8cd57121b115b718"}
,"/Users/avasic/Desktop/space-x-launches/src/components/SXRootModal/useViewModel.ts": {"path":"/Users/avasic/Desktop/space-x-launches/src/components/SXRootModal/useViewModel.ts","statementMap":{"0":{"start":{"line":3,"column":21},"end":{"line":11,"column":1}},"1":{"start":{"line":4,"column":25},"end":{"line":4,"column":44}},"2":{"start":{"line":5,"column":23},"end":{"line":5,"column":53}},"3":{"start":{"line":7,"column":2},"end":{"line":10,"column":4}}},"fnMap":{"0":{"name":"(anonymous_0)","decl":{"start":{"line":3,"column":21},"end":{"line":3,"column":22}},"loc":{"start":{"line":3,"column":27},"end":{"line":11,"column":1}},"line":3}},"branchMap":{},"s":{"0":1,"1":0,"2":0,"3":0},"f":{"0":0},"b":{},"_coverageSchema":"1a1c01bbd47fc00a2c39e90264f33305004495a9","hash":"ea04bf527316d874325348b640a124a758998ccf"}
,"/Users/avasic/Desktop/space-x-launches/src/components/SXScreen/SXScreen.view.tsx": {"path":"/Users/avasic/Desktop/space-x-launches/src/components/SXScreen/SXScreen.view.tsx","statementMap":{"0":{"start":{"line":8,"column":32},"end":{"line":22,"column":1}},"1":{"start":{"line":13,"column":28},"end":{"line":13,"column":42}},"2":{"start":{"line":14,"column":2},"end":{"line":21,"column":4}}},"fnMap":{"0":{"name":"(anonymous_0)","decl":{"start":{"line":8,"column":32},"end":{"line":8,"column":33}},"loc":{"start":{"line":12,"column":19},"end":{"line":22,"column":1}},"line":12}},"branchMap":{"0":{"loc":{"start":{"line":10,"column":2},"end":{"line":10,"column":27}},"type":"default-arg","locations":[{"start":{"line":10,"column":10},"end":{"line":10,"column":27}}],"line":10}},"s":{"0":1,"1":1,"2":1},"f":{"0":1},"b":{"0":[1]},"_coverageSchema":"1a1c01bbd47fc00a2c39e90264f33305004495a9","hash":"4876cdbba332e3846481787e95fb5790b816ba45"}
,"/Users/avasic/Desktop/space-x-launches/src/components/SXScreen/styles.ts": {"path":"/Users/avasic/Desktop/space-x-launches/src/components/SXScreen/styles.ts","statementMap":{"0":{"start":{"line":3,"column":15},"end":{"line":7,"column":2}}},"fnMap":{},"branchMap":{},"s":{"0":1},"f":{},"b":{},"_coverageSchema":"1a1c01bbd47fc00a2c39e90264f33305004495a9","hash":"8cae9eecb1b45205618b63c48ba80956ae70a499"}
,"/Users/avasic/Desktop/space-x-launches/src/components/SXScreen/useViewModel.ts": {"path":"/Users/avasic/Desktop/space-x-launches/src/components/SXScreen/useViewModel.ts","statementMap":{"0":{"start":{"line":3,"column":21},"end":{"line":9,"column":1}},"1":{"start":{"line":4,"column":21},"end":{"line":4,"column":31}},"2":{"start":{"line":6,"column":2},"end":{"line":8,"column":4}}},"fnMap":{"0":{"name":"(anonymous_0)","decl":{"start":{"line":3,"column":21},"end":{"line":3,"column":22}},"loc":{"start":{"line":3,"column":27},"end":{"line":9,"column":1}},"line":3}},"branchMap":{},"s":{"0":1,"1":1,"2":1},"f":{"0":1},"b":{},"_coverageSchema":"1a1c01bbd47fc00a2c39e90264f33305004495a9","hash":"1478f4a56315bb8df862296b2b69a60919f7aec8"}
,"/Users/avasic/Desktop/space-x-launches/src/components/SXSkeleton/SXSkeleton.view.tsx": {"path":"/Users/avasic/Desktop/space-x-launches/src/components/SXSkeleton/SXSkeleton.view.tsx","statementMap":{"0":{"start":{"line":4,"column":36},"end":{"line":13,"column":1}},"1":{"start":{"line":5,"column":28},"end":{"line":5,"column":46}},"2":{"start":{"line":7,"column":2},"end":{"line":9,"column":3}},"3":{"start":{"line":8,"column":4},"end":{"line":8,"column":20}},"4":{"start":{"line":11,"column":19},"end":{"line":11,"column":44}},"5":{"start":{"line":12,"column":2},"end":{"line":12,"column":18}}},"fnMap":{"0":{"name":"(anonymous_0)","decl":{"start":{"line":4,"column":36},"end":{"line":4,"column":37}},"loc":{"start":{"line":4,"column":70},"end":{"line":13,"column":1}},"line":4}},"branchMap":{"0":{"loc":{"start":{"line":7,"column":2},"end":{"line":9,"column":3}},"type":"if","locations":[{"start":{"line":7,"column":2},"end":{"line":9,"column":3}},{"start":{},"end":{}}],"line":7}},"s":{"0":1,"1":0,"2":0,"3":0,"4":0,"5":0},"f":{"0":0},"b":{"0":[0,0]},"_coverageSchema":"1a1c01bbd47fc00a2c39e90264f33305004495a9","hash":"84c75d1cf7ef4380ba33a2a881169906bfbd8f3d"}
,"/Users/avasic/Desktop/space-x-launches/src/components/SXSkeleton/styles.ts": {"path":"/Users/avasic/Desktop/space-x-launches/src/components/SXSkeleton/styles.ts","statementMap":{"0":{"start":{"line":5,"column":15},"end":{"line":13,"column":2}}},"fnMap":{},"branchMap":{},"s":{"0":1},"f":{},"b":{},"_coverageSchema":"1a1c01bbd47fc00a2c39e90264f33305004495a9","hash":"39c65d10d9ade5d2585724925cb6014a2bb0f416"}
,"/Users/avasic/Desktop/space-x-launches/src/components/SXSkeleton/useViewModel.ts": {"path":"/Users/avasic/Desktop/space-x-launches/src/components/SXSkeleton/useViewModel.ts","statementMap":{"0":{"start":{"line":25,"column":21},"end":{"line":98,"column":1}},"1":{"start":{"line":32,"column":24},"end":{"line":32,"column":33}},"2":{"start":{"line":33,"column":19},"end":{"line":33,"column":36}},"3":{"start":{"line":35,"column":24},"end":{"line":40,"column":4}},"4":{"start":{"line":36,"column":4},"end":{"line":39,"column":6}},"5":{"start":{"line":42,"column":26},"end":{"line":80,"column":3}},"6":{"start":{"line":44,"column":22},"end":{"line":44,"column":45}},"7":{"start":{"line":45,"column":20},"end":{"line":45,"column":55}},"8":{"start":{"line":46,"column":27},"end":{"line":46,"column":67}},"9":{"start":{"line":48,"column":34},"end":{"line":48,"column":66}},"10":{"start":{"line":49,"column":6},"end":{"line":53,"column":7}},"11":{"start":{"line":50,"column":8},"end":{"line":52,"column":11}},"12":{"start":{"line":55,"column":6},"end":{"line":55,"column":80}},"13":{"start":{"line":56,"column":30},"end":{"line":56,"column":43}},"14":{"start":{"line":58,"column":6},"end":{"line":77,"column":9}},"15":{"start":{"line":82,"column":2},"end":{"line":93,"column":31}},"16":{"start":{"line":83,"column":4},"end":{"line":90,"column":6}},"17":{"start":{"line":92,"column":4},"end":{"line":92,"column":43}},"18":{"start":{"line":92,"column":17},"end":{"line":92,"column":42}},"19":{"start":{"line":95,"column":2},"end":{"line":97,"column":4}}},"fnMap":{"0":{"name":"(anonymous_0)","decl":{"start":{"line":25,"column":21},"end":{"line":25,"column":22}},"loc":{"start":{"line":31,"column":22},"end":{"line":98,"column":1}},"line":31},"1":{"name":"(anonymous_1)","decl":{"start":{"line":35,"column":41},"end":{"line":35,"column":42}},"loc":{"start":{"line":35,"column":47},"end":{"line":40,"column":3}},"line":35},"2":{"name":"(anonymous_2)","decl":{"start":{"line":43,"column":4},"end":{"line":43,"column":5}},"loc":{"start":{"line":43,"column":28},"end":{"line":78,"column":5}},"line":43},"3":{"name":"(anonymous_3)","decl":{"start":{"line":82,"column":12},"end":{"line":82,"column":13}},"loc":{"start":{"line":82,"column":18},"end":{"line":93,"column":3}},"line":82},"4":{"name":"(anonymous_4)","decl":{"start":{"line":92,"column":11},"end":{"line":92,"column":12}},"loc":{"start":{"line":92,"column":17},"end":{"line":92,"column":42}},"line":92}},"branchMap":{"0":{"loc":{"start":{"line":26,"column":2},"end":{"line":26,"column":24}},"type":"default-arg","locations":[{"start":{"line":26,"column":11},"end":{"line":26,"column":24}}],"line":26},"1":{"loc":{"start":{"line":28,"column":2},"end":{"line":28,"column":17}},"type":"default-arg","locations":[{"start":{"line":28,"column":11},"end":{"line":28,"column":17}}],"line":28},"2":{"loc":{"start":{"line":29,"column":2},"end":{"line":29,"column":13}},"type":"default-arg","locations":[{"start":{"line":29,"column":10},"end":{"line":29,"column":13}}],"line":29},"3":{"loc":{"start":{"line":30,"column":2},"end":{"line":30,"column":45}},"type":"default-arg","locations":[{"start":{"line":30,"column":17},"end":{"line":30,"column":45}}],"line":30},"4":{"loc":{"start":{"line":45,"column":20},"end":{"line":45,"column":55}},"type":"cond-expr","locations":[{"start":{"line":45,"column":30},"end":{"line":45,"column":50}},{"start":{"line":45,"column":53},"end":{"line":45,"column":55}}],"line":45},"5":{"loc":{"start":{"line":46,"column":27},"end":{"line":46,"column":67}},"type":"cond-expr","locations":[{"start":{"line":46,"column":47},"end":{"line":46,"column":59}},{"start":{"line":46,"column":62},"end":{"line":46,"column":67}}],"line":46},"6":{"loc":{"start":{"line":46,"column":27},"end":{"line":46,"column":44}},"type":"binary-expr","locations":[{"start":{"line":46,"column":27},"end":{"line":46,"column":33}},{"start":{"line":46,"column":37},"end":{"line":46,"column":44}}],"line":46},"7":{"loc":{"start":{"line":49,"column":6},"end":{"line":53,"column":7}},"type":"if","locations":[{"start":{"line":49,"column":6},"end":{"line":53,"column":7}},{"start":{},"end":{}}],"line":49},"8":{"loc":{"start":{"line":55,"column":30},"end":{"line":55,"column":79}},"type":"cond-expr","locations":[{"start":{"line":55,"column":52},"end":{"line":55,"column":64}},{"start":{"line":55,"column":67},"end":{"line":55,"column":79}}],"line":55}},"s":{"0":1,"1":0,"2":0,"3":0,"4":0,"5":0,"6":0,"7":0,"8":0,"9":0,"10":0,"11":0,"12":0,"13":0,"14":0,"15":0,"16":0,"17":0,"18":0,"19":0},"f":{"0":0,"1":0,"2":0,"3":0,"4":0},"b":{"0":[0],"1":[0],"2":[0],"3":[0],"4":[0,0],"5":[0,0],"6":[0,0],"7":[0,0],"8":[0,0]},"_coverageSchema":"1a1c01bbd47fc00a2c39e90264f33305004495a9","hash":"33b4024ce0c5ff6c0a3b9e8ae6eab91a0ebafb5b"}
,"/Users/avasic/Desktop/space-x-launches/src/components/SXSwitch/SXSwitch.view.tsx": {"path":"/Users/avasic/Desktop/space-x-launches/src/components/SXSwitch/SXSwitch.view.tsx","statementMap":{"0":{"start":{"line":10,"column":32},"end":{"line":36,"column":1}},"1":{"start":{"line":18,"column":6},"end":{"line":18,"column":24}},"2":{"start":{"line":20,"column":2},"end":{"line":35,"column":4}}},"fnMap":{"0":{"name":"(anonymous_0)","decl":{"start":{"line":10,"column":32},"end":{"line":10,"column":33}},"loc":{"start":{"line":10,"column":69},"end":{"line":36,"column":1}},"line":10}},"branchMap":{"0":{"loc":{"start":{"line":10,"column":34},"end":{"line":10,"column":54}},"type":"default-arg","locations":[{"start":{"line":10,"column":43},"end":{"line":10,"column":54}}],"line":10}},"s":{"0":1,"1":0,"2":0},"f":{"0":0},"b":{"0":[0]},"_coverageSchema":"1a1c01bbd47fc00a2c39e90264f33305004495a9","hash":"1d817ba4e27ac429c4625cb7fa39ae6550e64597"}
,"/Users/avasic/Desktop/space-x-launches/src/components/SXSwitch/styles.ts": {"path":"/Users/avasic/Desktop/space-x-launches/src/components/SXSwitch/styles.ts","statementMap":{"0":{"start":{"line":5,"column":15},"end":{"line":29,"column":2}}},"fnMap":{},"branchMap":{},"s":{"0":1},"f":{},"b":{},"_coverageSchema":"1a1c01bbd47fc00a2c39e90264f33305004495a9","hash":"6283a8fa2c234231d17950328c8fd0498ea2ea9f"}
,"/Users/avasic/Desktop/space-x-launches/src/components/SXSwitch/useViewModel.ts": {"path":"/Users/avasic/Desktop/space-x-launches/src/components/SXSwitch/useViewModel.ts","statementMap":{"0":{"start":{"line":14,"column":21},"end":{"line":96,"column":1}},"1":{"start":{"line":15,"column":19},"end":{"line":15,"column":40}},"2":{"start":{"line":16,"column":21},"end":{"line":18,"column":3}},"3":{"start":{"line":19,"column":22},"end":{"line":19,"column":39}},"4":{"start":{"line":21,"column":21},"end":{"line":21,"column":31}},"5":{"start":{"line":23,"column":26},"end":{"line":26,"column":3}},"6":{"start":{"line":24,"column":4},"end":{"line":24,"column":20}},"7":{"start":{"line":25,"column":4},"end":{"line":25,"column":27}},"8":{"start":{"line":28,"column":17},"end":{"line":49,"column":3}},"9":{"start":{"line":30,"column":4},"end":{"line":30,"column":26}},"10":{"start":{"line":32,"column":4},"end":{"line":42,"column":6}},"11":{"start":{"line":38,"column":8},"end":{"line":40,"column":9}},"12":{"start":{"line":39,"column":10},"end":{"line":39,"column":42}},"13":{"start":{"line":44,"column":4},"end":{"line":48,"column":7}},"14":{"start":{"line":45,"column":6},"end":{"line":47,"column":7}},"15":{"start":{"line":46,"column":8},"end":{"line":46,"column":30}},"16":{"start":{"line":51,"column":14},"end":{"line":60,"column":4}},"17":{"start":{"line":52,"column":18},"end":{"line":52,"column":56}},"18":{"start":{"line":53,"column":4},"end":{"line":56,"column":5}},"19":{"start":{"line":54,"column":6},"end":{"line":54,"column":19}},"20":{"start":{"line":55,"column":6},"end":{"line":55,"column":13}},"21":{"start":{"line":57,"column":4},"end":{"line":59,"column":5}},"22":{"start":{"line":58,"column":6},"end":{"line":58,"column":20}},"23":{"start":{"line":62,"column":21},"end":{"line":64,"column":3}},"24":{"start":{"line":66,"column":21},"end":{"line":68,"column":3}},"25":{"start":{"line":70,"column":22},"end":{"line":72,"column":3}},"26":{"start":{"line":74,"column":29},"end":{"line":79,"column":3}},"27":{"start":{"line":75,"column":11},"end":{"line":77,"column":5}},"28":{"start":{"line":81,"column":30},"end":{"line":86,"column":3}},"29":{"start":{"line":82,"column":11},"end":{"line":84,"column":5}},"30":{"start":{"line":88,"column":2},"end":{"line":95,"column":4}}},"fnMap":{"0":{"name":"(anonymous_0)","decl":{"start":{"line":14,"column":21},"end":{"line":14,"column":22}},"loc":{"start":{"line":14,"column":75},"end":{"line":96,"column":1}},"line":14},"1":{"name":"(anonymous_1)","decl":{"start":{"line":23,"column":26},"end":{"line":23,"column":27}},"loc":{"start":{"line":23,"column":46},"end":{"line":26,"column":3}},"line":23},"2":{"name":"(anonymous_2)","decl":{"start":{"line":28,"column":17},"end":{"line":28,"column":18}},"loc":{"start":{"line":28,"column":37},"end":{"line":49,"column":3}},"line":28},"3":{"name":"(anonymous_3)","decl":{"start":{"line":37,"column":6},"end":{"line":37,"column":7}},"loc":{"start":{"line":37,"column":20},"end":{"line":41,"column":7}},"line":37},"4":{"name":"(anonymous_4)","decl":{"start":{"line":44,"column":55},"end":{"line":44,"column":56}},"loc":{"start":{"line":44,"column":69},"end":{"line":48,"column":5}},"line":44},"5":{"name":"(anonymous_5)","decl":{"start":{"line":51,"column":37},"end":{"line":51,"column":38}},"loc":{"start":{"line":51,"column":46},"end":{"line":60,"column":3}},"line":51},"6":{"name":"(anonymous_6)","decl":{"start":{"line":75,"column":4},"end":{"line":75,"column":5}},"loc":{"start":{"line":75,"column":11},"end":{"line":77,"column":5}},"line":75},"7":{"name":"(anonymous_7)","decl":{"start":{"line":82,"column":4},"end":{"line":82,"column":5}},"loc":{"start":{"line":82,"column":11},"end":{"line":84,"column":5}},"line":82}},"branchMap":{"0":{"loc":{"start":{"line":14,"column":23},"end":{"line":14,"column":43}},"type":"default-arg","locations":[{"start":{"line":14,"column":38},"end":{"line":14,"column":43}}],"line":14},"1":{"loc":{"start":{"line":17,"column":4},"end":{"line":17,"column":55}},"type":"cond-expr","locations":[{"start":{"line":17,"column":19},"end":{"line":17,"column":35}},{"start":{"line":17,"column":38},"end":{"line":17,"column":55}}],"line":17},"2":{"loc":{"start":{"line":33,"column":6},"end":{"line":33,"column":50}},"type":"cond-expr","locations":[{"start":{"line":33,"column":14},"end":{"line":33,"column":30}},{"start":{"line":33,"column":33},"end":{"line":33,"column":50}}],"line":33},"3":{"loc":{"start":{"line":38,"column":8},"end":{"line":40,"column":9}},"type":"if","locations":[{"start":{"line":38,"column":8},"end":{"line":40,"column":9}},{"start":{},"end":{}}],"line":38},"4":{"loc":{"start":{"line":45,"column":6},"end":{"line":47,"column":7}},"type":"if","locations":[{"start":{"line":45,"column":6},"end":{"line":47,"column":7}},{"start":{},"end":{}}],"line":45},"5":{"loc":{"start":{"line":53,"column":4},"end":{"line":56,"column":5}},"type":"if","locations":[{"start":{"line":53,"column":4},"end":{"line":56,"column":5}},{"start":{},"end":{}}],"line":53},"6":{"loc":{"start":{"line":53,"column":8},"end":{"line":53,"column":53}},"type":"binary-expr","locations":[{"start":{"line":53,"column":8},"end":{"line":53,"column":25}},{"start":{"line":53,"column":29},"end":{"line":53,"column":44}},{"start":{"line":53,"column":48},"end":{"line":53,"column":53}}],"line":53},"7":{"loc":{"start":{"line":57,"column":4},"end":{"line":59,"column":5}},"type":"if","locations":[{"start":{"line":57,"column":4},"end":{"line":59,"column":5}},{"start":{},"end":{}}],"line":57},"8":{"loc":{"start":{"line":57,"column":8},"end":{"line":57,"column":54}},"type":"binary-expr","locations":[{"start":{"line":57,"column":8},"end":{"line":57,"column":25}},{"start":{"line":57,"column":29},"end":{"line":57,"column":44}},{"start":{"line":57,"column":48},"end":{"line":57,"column":54}}],"line":57}},"s":{"0":1,"1":0,"2":0,"3":0,"4":0,"5":0,"6":0,"7":0,"8":0,"9":0,"10":0,"11":0,"12":0,"13":0,"14":0,"15":0,"16":0,"17":0,"18":0,"19":0,"20":0,"21":0,"22":0,"23":0,"24":0,"25":0,"26":0,"27":0,"28":0,"29":0,"30":0},"f":{"0":0,"1":0,"2":0,"3":0,"4":0,"5":0,"6":0,"7":0},"b":{"0":[0],"1":[0,0],"2":[0,0],"3":[0,0],"4":[0,0],"5":[0,0],"6":[0,0,0],"7":[0,0],"8":[0,0,0]},"_coverageSchema":"1a1c01bbd47fc00a2c39e90264f33305004495a9","hash":"41809f68acf2917a28809a149d7e637393d5a123"}
,"/Users/avasic/Desktop/space-x-launches/src/components/SXText/SXText.view.tsx": {"path":"/Users/avasic/Desktop/space-x-launches/src/components/SXText/SXText.view.tsx","statementMap":{"0":{"start":{"line":9,"column":28},"end":{"line":48,"column":1}},"1":{"start":{"line":20,"column":46},"end":{"line":25,"column":4}},"2":{"start":{"line":28,"column":4},"end":{"line":32,"column":6}},"3":{"start":{"line":35,"column":2},"end":{"line":43,"column":3}},"4":{"start":{"line":36,"column":4},"end":{"line":42,"column":6}},"5":{"start":{"line":45,"column":2},"end":{"line":47,"column":4}}},"fnMap":{"0":{"name":"(anonymous_0)","decl":{"start":{"line":9,"column":28},"end":{"line":9,"column":29}},"loc":{"start":{"line":19,"column":6},"end":{"line":48,"column":1}},"line":19}},"branchMap":{"0":{"loc":{"start":{"line":10,"column":2},"end":{"line":10,"column":20}},"type":"default-arg","locations":[{"start":{"line":10,"column":11},"end":{"line":10,"column":20}}],"line":10},"1":{"loc":{"start":{"line":11,"column":2},"end":{"line":11,"column":33}},"type":"default-arg","locations":[{"start":{"line":11,"column":9},"end":{"line":11,"column":33}}],"line":11},"2":{"loc":{"start":{"line":14,"column":2},"end":{"line":14,"column":16}},"type":"default-arg","locations":[{"start":{"line":14,"column":10},"end":{"line":14,"column":16}}],"line":14},"3":{"loc":{"start":{"line":31,"column":16},"end":{"line":31,"column":33}},"type":"binary-expr","locations":[{"start":{"line":31,"column":16},"end":{"line":31,"column":27}},{"start":{"line":31,"column":31},"end":{"line":31,"column":33}}],"line":31},"4":{"loc":{"start":{"line":35,"column":2},"end":{"line":43,"column":3}},"type":"if","locations":[{"start":{"line":35,"column":2},"end":{"line":43,"column":3}},{"start":{},"end":{}}],"line":35}},"s":{"0":1,"1":0,"2":0,"3":0,"4":0,"5":0},"f":{"0":0},"b":{"0":[0],"1":[0],"2":[0],"3":[0,0],"4":[0,0]},"_coverageSchema":"1a1c01bbd47fc00a2c39e90264f33305004495a9","hash":"10207d80c862ddb1968bd23aa20bab9563099fe9"}
,"/Users/avasic/Desktop/space-x-launches/src/components/SXText/styles.ts": {"path":"/Users/avasic/Desktop/space-x-launches/src/components/SXText/styles.ts","statementMap":{"0":{"start":{"line":3,"column":15},"end":{"line":11,"column":2}}},"fnMap":{},"branchMap":{},"s":{"0":1},"f":{},"b":{},"_coverageSchema":"1a1c01bbd47fc00a2c39e90264f33305004495a9","hash":"0fc426a54b99a2e9919368de5b30da141a0e6f90"}
,"/Users/avasic/Desktop/space-x-launches/src/components/SXText/useViewModel.ts": {"path":"/Users/avasic/Desktop/space-x-launches/src/components/SXText/useViewModel.ts","statementMap":{"0":{"start":{"line":7,"column":21},"end":{"line":23,"column":1}},"1":{"start":{"line":13,"column":22},"end":{"line":13,"column":38}},"2":{"start":{"line":14,"column":21},"end":{"line":14,"column":31}},"3":{"start":{"line":17,"column":4},"end":{"line":17,"column":70}},"4":{"start":{"line":19,"column":20},"end":{"line":19,"column":35}},"5":{"start":{"line":20,"column":20},"end":{"line":20,"column":68}},"6":{"start":{"line":22,"column":2},"end":{"line":22,"column":45}}},"fnMap":{"0":{"name":"(anonymous_0)","decl":{"start":{"line":7,"column":21},"end":{"line":7,"column":22}},"loc":{"start":{"line":12,"column":22},"end":{"line":23,"column":1}},"line":12}},"branchMap":{"0":{"loc":{"start":{"line":11,"column":2},"end":{"line":11,"column":33}},"type":"default-arg","locations":[{"start":{"line":11,"column":9},"end":{"line":11,"column":33}}],"line":11},"1":{"loc":{"start":{"line":17,"column":4},"end":{"line":17,"column":70}},"type":"cond-expr","locations":[{"start":{"line":17,"column":30},"end":{"line":17,"column":59}},{"start":{"line":17,"column":62},"end":{"line":17,"column":70}}],"line":17},"2":{"loc":{"start":{"line":17,"column":4},"end":{"line":17,"column":27}},"type":"binary-expr","locations":[{"start":{"line":17,"column":4},"end":{"line":17,"column":8}},{"start":{"line":17,"column":12},"end":{"line":17,"column":27}}],"line":17},"3":{"loc":{"start":{"line":17,"column":40},"end":{"line":17,"column":58}},"type":"binary-expr","locations":[{"start":{"line":17,"column":40},"end":{"line":17,"column":52}},{"start":{"line":17,"column":56},"end":{"line":17,"column":58}}],"line":17},"4":{"loc":{"start":{"line":20,"column":20},"end":{"line":20,"column":68}},"type":"binary-expr","locations":[{"start":{"line":20,"column":20},"end":{"line":20,"column":33}},{"start":{"line":20,"column":37},"end":{"line":20,"column":68}}],"line":20}},"s":{"0":1,"1":0,"2":0,"3":0,"4":0,"5":0,"6":0},"f":{"0":0},"b":{"0":[0],"1":[0,0],"2":[0,0],"3":[0,0],"4":[0,0]},"_coverageSchema":"1a1c01bbd47fc00a2c39e90264f33305004495a9","hash":"e26c7d183cd7f4c12b702ffb332663597f71dd98"}
,"/Users/avasic/Desktop/space-x-launches/src/components/SXTextInput/SXTextInput.view.tsx": {"path":"/Users/avasic/Desktop/space-x-launches/src/components/SXTextInput/SXTextInput.view.tsx","statementMap":{"0":{"start":{"line":10,"column":38},"end":{"line":90,"column":1}},"1":{"start":{"line":35,"column":8},"end":{"line":42,"column":6}},"2":{"start":{"line":44,"column":4},"end":{"line":88,"column":6}},"3":{"start":{"line":92,"column":0},"end":{"line":92,"column":40}}},"fnMap":{"0":{"name":"(anonymous_0)","decl":{"start":{"line":11,"column":2},"end":{"line":11,"column":3}},"loc":{"start":{"line":26,"column":7},"end":{"line":89,"column":3}},"line":26}},"branchMap":{"0":{"loc":{"start":{"line":13,"column":6},"end":{"line":13,"column":30}},"type":"default-arg","locations":[{"start":{"line":13,"column":15},"end":{"line":13,"column":30}}],"line":13},"1":{"loc":{"start":{"line":14,"column":6},"end":{"line":14,"column":25}},"type":"default-arg","locations":[{"start":{"line":14,"column":20},"end":{"line":14,"column":25}}],"line":14},"2":{"loc":{"start":{"line":19,"column":6},"end":{"line":19,"column":24}},"type":"default-arg","locations":[{"start":{"line":19,"column":19},"end":{"line":19,"column":24}}],"line":19},"3":{"loc":{"start":{"line":46,"column":9},"end":{"line":52,"column":9}},"type":"binary-expr","locations":[{"start":{"line":46,"column":9},"end":{"line":46,"column":14}},{"start":{"line":47,"column":10},"end":{"line":51,"column":12}}],"line":46},"4":{"loc":{"start":{"line":54,"column":11},"end":{"line":58,"column":11}},"type":"binary-expr","locations":[{"start":{"line":54,"column":11},"end":{"line":54,"column":19}},{"start":{"line":55,"column":12},"end":{"line":57,"column":19}}],"line":54},"5":{"loc":{"start":{"line":63,"column":26},"end":{"line":63,"column":60}},"type":"binary-expr","locations":[{"start":{"line":63,"column":26},"end":{"line":63,"column":44}},{"start":{"line":63,"column":48},"end":{"line":63,"column":60}}],"line":63},"6":{"loc":{"start":{"line":68,"column":29},"end":{"line":68,"column":47}},"type":"cond-expr","locations":[{"start":{"line":68,"column":40},"end":{"line":68,"column":42}},{"start":{"line":68,"column":45},"end":{"line":68,"column":47}}],"line":68},"7":{"loc":{"start":{"line":69,"column":30},"end":{"line":69,"column":49}},"type":"cond-expr","locations":[{"start":{"line":69,"column":42},"end":{"line":69,"column":44}},{"start":{"line":69,"column":47},"end":{"line":69,"column":49}}],"line":69},"8":{"loc":{"start":{"line":76,"column":11},"end":{"line":80,"column":11}},"type":"binary-expr","locations":[{"start":{"line":76,"column":11},"end":{"line":76,"column":20}},{"start":{"line":77,"column":12},"end":{"line":79,"column":19}}],"line":76},"9":{"loc":{"start":{"line":83,"column":20},"end":{"line":83,"column":31}},"type":"binary-expr","locations":[{"start":{"line":83,"column":20},"end":{"line":83,"column":25}},{"start":{"line":83,"column":29},"end":{"line":83,"column":31}}],"line":83}},"s":{"0":1,"1":0,"2":0,"3":1},"f":{"0":0},"b":{"0":[0],"1":[0],"2":[0],"3":[0,0],"4":[0,0],"5":[0,0],"6":[0,0],"7":[0,0],"8":[0,0],"9":[0,0]},"_coverageSchema":"1a1c01bbd47fc00a2c39e90264f33305004495a9","hash":"64de0bd47217ebd397aac83563e17ed2ab37391c"}
,"/Users/avasic/Desktop/space-x-launches/src/components/SXTextInput/styles.ts": {"path":"/Users/avasic/Desktop/space-x-launches/src/components/SXTextInput/styles.ts","statementMap":{"0":{"start":{"line":5,"column":15},"end":{"line":37,"column":2}}},"fnMap":{},"branchMap":{},"s":{"0":1},"f":{},"b":{},"_coverageSchema":"1a1c01bbd47fc00a2c39e90264f33305004495a9","hash":"c2d15039abf8d7cb3cc499ed44e149983220184b"}
,"/Users/avasic/Desktop/space-x-launches/src/components/SXTextInput/useViewModel.ts": {"path":"/Users/avasic/Desktop/space-x-launches/src/components/SXTextInput/useViewModel.ts","statementMap":{"0":{"start":{"line":15,"column":21},"end":{"line":86,"column":1}},"1":{"start":{"line":24,"column":21},"end":{"line":24,"column":31}},"2":{"start":{"line":26,"column":40},"end":{"line":26,"column":68}},"3":{"start":{"line":27,"column":42},"end":{"line":27,"column":62}},"4":{"start":{"line":29,"column":30},"end":{"line":31,"column":8}},"5":{"start":{"line":30,"column":4},"end":{"line":30,"column":35}},"6":{"start":{"line":30,"column":28},"end":{"line":30,"column":33}},"7":{"start":{"line":33,"column":25},"end":{"line":39,"column":3}},"8":{"start":{"line":35,"column":6},"end":{"line":35,"column":23}},"9":{"start":{"line":36,"column":6},"end":{"line":36,"column":32}},"10":{"start":{"line":41,"column":24},"end":{"line":47,"column":3}},"11":{"start":{"line":43,"column":6},"end":{"line":43,"column":22}},"12":{"start":{"line":44,"column":6},"end":{"line":44,"column":34}},"13":{"start":{"line":49,"column":28},"end":{"line":49,"column":76}},"14":{"start":{"line":51,"column":26},"end":{"line":62,"column":3}},"15":{"start":{"line":53,"column":19},"end":{"line":53,"column":41}},"16":{"start":{"line":54,"column":6},"end":{"line":54,"column":34}},"17":{"start":{"line":55,"column":6},"end":{"line":58,"column":7}},"18":{"start":{"line":56,"column":8},"end":{"line":56,"column":32}},"19":{"start":{"line":57,"column":8},"end":{"line":57,"column":15}},"20":{"start":{"line":59,"column":6},"end":{"line":59,"column":21}},"21":{"start":{"line":64,"column":20},"end":{"line":70,"column":10}},"22":{"start":{"line":72,"column":44},"end":{"line":74,"column":15}},"23":{"start":{"line":76,"column":2},"end":{"line":85,"column":4}}},"fnMap":{"0":{"name":"(anonymous_0)","decl":{"start":{"line":15,"column":21},"end":{"line":15,"column":22}},"loc":{"start":{"line":23,"column":22},"end":{"line":86,"column":1}},"line":23},"1":{"name":"(anonymous_1)","decl":{"start":{"line":29,"column":42},"end":{"line":29,"column":43}},"loc":{"start":{"line":29,"column":48},"end":{"line":31,"column":3}},"line":29},"2":{"name":"(anonymous_2)","decl":{"start":{"line":30,"column":20},"end":{"line":30,"column":21}},"loc":{"start":{"line":30,"column":28},"end":{"line":30,"column":33}},"line":30},"3":{"name":"(anonymous_3)","decl":{"start":{"line":34,"column":4},"end":{"line":34,"column":5}},"loc":{"start":{"line":34,"column":62},"end":{"line":37,"column":5}},"line":34},"4":{"name":"(anonymous_4)","decl":{"start":{"line":42,"column":4},"end":{"line":42,"column":5}},"loc":{"start":{"line":42,"column":62},"end":{"line":45,"column":5}},"line":42},"5":{"name":"(anonymous_5)","decl":{"start":{"line":52,"column":4},"end":{"line":52,"column":5}},"loc":{"start":{"line":52,"column":63},"end":{"line":60,"column":5}},"line":52}},"branchMap":{"0":{"loc":{"start":{"line":55,"column":6},"end":{"line":58,"column":7}},"type":"if","locations":[{"start":{"line":55,"column":6},"end":{"line":58,"column":7}},{"start":{},"end":{}}],"line":55},"1":{"loc":{"start":{"line":64,"column":20},"end":{"line":70,"column":10}},"type":"cond-expr","locations":[{"start":{"line":65,"column":6},"end":{"line":69,"column":7}},{"start":{"line":70,"column":6},"end":{"line":70,"column":10}}],"line":64},"2":{"loc":{"start":{"line":66,"column":12},"end":{"line":66,"column":22}},"type":"binary-expr","locations":[{"start":{"line":66,"column":12},"end":{"line":66,"column":16}},{"start":{"line":66,"column":20},"end":{"line":66,"column":22}}],"line":66},"3":{"loc":{"start":{"line":68,"column":14},"end":{"line":68,"column":47}},"type":"cond-expr","locations":[{"start":{"line":68,"column":29},"end":{"line":68,"column":36}},{"start":{"line":68,"column":39},"end":{"line":68,"column":47}}],"line":68},"4":{"loc":{"start":{"line":72,"column":44},"end":{"line":74,"column":15}},"type":"cond-expr","locations":[{"start":{"line":73,"column":6},"end":{"line":73,"column":24}},{"start":{"line":74,"column":6},"end":{"line":74,"column":15}}],"line":72},"5":{"loc":{"start":{"line":81,"column":26},"end":{"line":81,"column":55}},"type":"cond-expr","locations":[{"start":{"line":81,"column":34},"end":{"line":81,"column":41}},{"start":{"line":81,"column":44},"end":{"line":81,"column":55}}],"line":81}},"s":{"0":1,"1":0,"2":0,"3":0,"4":0,"5":0,"6":0,"7":0,"8":0,"9":0,"10":0,"11":0,"12":0,"13":0,"14":0,"15":0,"16":0,"17":0,"18":0,"19":0,"20":0,"21":0,"22":0,"23":0},"f":{"0":0,"1":0,"2":0,"3":0,"4":0,"5":0},"b":{"0":[0,0],"1":[0,0],"2":[0,0],"3":[0,0],"4":[0,0],"5":[0,0]},"_coverageSchema":"1a1c01bbd47fc00a2c39e90264f33305004495a9","hash":"77dee51c252d31e2ad96ee6b7094bac3480cced2"}
,"/Users/avasic/Desktop/space-x-launches/src/components/SXTouchable/SXTouchable.view.tsx": {"path":"/Users/avasic/Desktop/space-x-launches/src/components/SXTouchable/SXTouchable.view.tsx","statementMap":{"0":{"start":{"line":8,"column":38},"end":{"line":23,"column":1}},"1":{"start":{"line":14,"column":35},"end":{"line":14,"column":53}},"2":{"start":{"line":16,"column":2},"end":{"line":22,"column":4}}},"fnMap":{"0":{"name":"(anonymous_0)","decl":{"start":{"line":8,"column":38},"end":{"line":8,"column":39}},"loc":{"start":{"line":13,"column":6},"end":{"line":23,"column":1}},"line":13}},"branchMap":{"0":{"loc":{"start":{"line":9,"column":2},"end":{"line":9,"column":25}},"type":"default-arg","locations":[{"start":{"line":9,"column":11},"end":{"line":9,"column":25}}],"line":9}},"s":{"0":1,"1":0,"2":0},"f":{"0":0},"b":{"0":[0]},"_coverageSchema":"1a1c01bbd47fc00a2c39e90264f33305004495a9","hash":"e3d63e2ce86b1daaaf0993af7d1d952d0ae0d892"}
,"/Users/avasic/Desktop/space-x-launches/src/components/SXTouchable/useViewModel.ts": {"path":"/Users/avasic/Desktop/space-x-launches/src/components/SXTouchable/useViewModel.ts","statementMap":{"0":{"start":{"line":14,"column":21},"end":{"line":67,"column":1}},"1":{"start":{"line":21,"column":19},"end":{"line":21,"column":40}},"2":{"start":{"line":23,"column":25},"end":{"line":27,"column":3}},"3":{"start":{"line":24,"column":4},"end":{"line":26,"column":5}},"4":{"start":{"line":25,"column":6},"end":{"line":25,"column":16}},"5":{"start":{"line":28,"column":25},"end":{"line":33,"column":20}},"6":{"start":{"line":35,"column":18},"end":{"line":48,"column":39}},"7":{"start":{"line":38,"column":6},"end":{"line":38,"column":27}},"8":{"start":{"line":38,"column":20},"end":{"line":38,"column":27}},"9":{"start":{"line":39,"column":6},"end":{"line":39,"column":28}},"10":{"start":{"line":42,"column":6},"end":{"line":42,"column":32}},"11":{"start":{"line":45,"column":6},"end":{"line":45,"column":27}},"12":{"start":{"line":45,"column":20},"end":{"line":45,"column":27}},"13":{"start":{"line":46,"column":6},"end":{"line":46,"column":29}},"14":{"start":{"line":50,"column":24},"end":{"line":61,"column":45}},"15":{"start":{"line":51,"column":4},"end":{"line":60,"column":6}},"16":{"start":{"line":63,"column":2},"end":{"line":66,"column":4}}},"fnMap":{"0":{"name":"(anonymous_0)","decl":{"start":{"line":14,"column":21},"end":{"line":14,"column":22}},"loc":{"start":{"line":20,"column":22},"end":{"line":67,"column":1}},"line":20},"1":{"name":"(anonymous_1)","decl":{"start":{"line":23,"column":25},"end":{"line":23,"column":26}},"loc":{"start":{"line":23,"column":31},"end":{"line":27,"column":3}},"line":23},"2":{"name":"(anonymous_2)","decl":{"start":{"line":37,"column":19},"end":{"line":37,"column":20}},"loc":{"start":{"line":37,"column":25},"end":{"line":40,"column":5}},"line":37},"3":{"name":"(anonymous_3)","decl":{"start":{"line":41,"column":17},"end":{"line":41,"column":18}},"loc":{"start":{"line":41,"column":23},"end":{"line":43,"column":5}},"line":41},"4":{"name":"(anonymous_4)","decl":{"start":{"line":44,"column":16},"end":{"line":44,"column":17}},"loc":{"start":{"line":44,"column":22},"end":{"line":47,"column":5}},"line":44},"5":{"name":"(anonymous_5)","decl":{"start":{"line":50,"column":41},"end":{"line":50,"column":42}},"loc":{"start":{"line":50,"column":47},"end":{"line":61,"column":3}},"line":50}},"branchMap":{"0":{"loc":{"start":{"line":15,"column":2},"end":{"line":15,"column":21}},"type":"default-arg","locations":[{"start":{"line":15,"column":18},"end":{"line":15,"column":21}}],"line":15},"1":{"loc":{"start":{"line":16,"column":2},"end":{"line":16,"column":21}},"type":"default-arg","locations":[{"start":{"line":16,"column":17},"end":{"line":16,"column":21}}],"line":16},"2":{"loc":{"start":{"line":17,"column":2},"end":{"line":17,"column":20}},"type":"default-arg","locations":[{"start":{"line":17,"column":16},"end":{"line":17,"column":20}}],"line":17},"3":{"loc":{"start":{"line":18,"column":2},"end":{"line":18,"column":18}},"type":"default-arg","locations":[{"start":{"line":18,"column":13},"end":{"line":18,"column":18}}],"line":18},"4":{"loc":{"start":{"line":24,"column":4},"end":{"line":26,"column":5}},"type":"if","locations":[{"start":{"line":24,"column":4},"end":{"line":26,"column":5}},{"start":{},"end":{}}],"line":24},"5":{"loc":{"start":{"line":24,"column":8},"end":{"line":24,"column":28}},"type":"binary-expr","locations":[{"start":{"line":24,"column":8},"end":{"line":24,"column":15}},{"start":{"line":24,"column":19},"end":{"line":24,"column":28}}],"line":24},"6":{"loc":{"start":{"line":28,"column":25},"end":{"line":33,"column":20}},"type":"cond-expr","locations":[{"start":{"line":29,"column":6},"end":{"line":32,"column":8}},{"start":{"line":33,"column":6},"end":{"line":33,"column":20}}],"line":28},"7":{"loc":{"start":{"line":38,"column":6},"end":{"line":38,"column":27}},"type":"if","locations":[{"start":{"line":38,"column":6},"end":{"line":38,"column":27}},{"start":{},"end":{}}],"line":38},"8":{"loc":{"start":{"line":45,"column":6},"end":{"line":45,"column":27}},"type":"if","locations":[{"start":{"line":45,"column":6},"end":{"line":45,"column":27}},{"start":{},"end":{}}],"line":45},"9":{"loc":{"start":{"line":52,"column":26},"end":{"line":52,"column":60}},"type":"cond-expr","locations":[{"start":{"line":52,"column":43},"end":{"line":52,"column":56}},{"start":{"line":52,"column":59},"end":{"line":52,"column":60}}],"line":52},"10":{"loc":{"start":{"line":57,"column":17},"end":{"line":57,"column":73}},"type":"cond-expr","locations":[{"start":{"line":57,"column":32},"end":{"line":57,"column":69}},{"start":{"line":57,"column":72},"end":{"line":57,"column":73}}],"line":57},"11":{"loc":{"start":{"line":57,"column":43},"end":{"line":57,"column":68}},"type":"cond-expr","locations":[{"start":{"line":57,"column":60},"end":{"line":57,"column":64}},{"start":{"line":57,"column":67},"end":{"line":57,"column":68}}],"line":57}},"s":{"0":1,"1":0,"2":0,"3":0,"4":0,"5":0,"6":0,"7":0,"8":0,"9":0,"10":0,"11":0,"12":0,"13":0,"14":0,"15":0,"16":0},"f":{"0":0,"1":0,"2":0,"3":0,"4":0,"5":0},"b":{"0":[0],"1":[0],"2":[0],"3":[0],"4":[0,0],"5":[0,0],"6":[0,0],"7":[0,0],"8":[0,0],"9":[0,0],"10":[0,0],"11":[0,0]},"_coverageSchema":"1a1c01bbd47fc00a2c39e90264f33305004495a9","hash":"76d2663645479dcf8334fa18917442e6c13e42c5"}
,"/Users/avasic/Desktop/space-x-launches/src/constants/device.ts": {"path":"/Users/avasic/Desktop/space-x-launches/src/constants/device.ts","statementMap":{"0":{"start":{"line":3,"column":24},"end":{"line":3,"column":48}},"1":{"start":{"line":5,"column":15},"end":{"line":10,"column":1}}},"fnMap":{},"branchMap":{},"s":{"0":1,"1":1},"f":{},"b":{},"_coverageSchema":"1a1c01bbd47fc00a2c39e90264f33305004495a9","hash":"b7ed8755891482a2722f6072fa4a93b422696b74"}
,"/Users/avasic/Desktop/space-x-launches/src/constants/validators.ts": {"path":"/Users/avasic/Desktop/space-x-launches/src/constants/validators.ts","statementMap":{"0":{"start":{"line":3,"column":14},"end":{"line":3,"column":45}},"1":{"start":{"line":5,"column":17},"end":{"line":5,"column":47}}},"fnMap":{},"branchMap":{},"s":{"0":1,"1":1},"f":{},"b":{},"_coverageSchema":"1a1c01bbd47fc00a2c39e90264f33305004495a9","hash":"eefe88955a40682bbc01d88618ff62964bb1e843"}
,"/Users/avasic/Desktop/space-x-launches/src/features/launch/components/index.ts": {"path":"/Users/avasic/Desktop/space-x-launches/src/features/launch/components/index.ts","statementMap":{},"fnMap":{},"branchMap":{},"s":{},"f":{},"b":{},"_coverageSchema":"1a1c01bbd47fc00a2c39e90264f33305004495a9","hash":"d6448f7ffe811020604d395d31c1457055b7aca2"}
,"/Users/avasic/Desktop/space-x-launches/src/features/launch/components/LaunchCard/LaunchCard.view.tsx": {"path":"/Users/avasic/Desktop/space-x-launches/src/features/launch/components/LaunchCard/LaunchCard.view.tsx","statementMap":{"0":{"start":{"line":9,"column":36},"end":{"line":58,"column":1}},"1":{"start":{"line":10,"column":38},"end":{"line":10,"column":74}},"2":{"start":{"line":12,"column":2},"end":{"line":57,"column":4}}},"fnMap":{"0":{"name":"(anonymous_0)","decl":{"start":{"line":9,"column":36},"end":{"line":9,"column":37}},"loc":{"start":{"line":9,"column":65},"end":{"line":58,"column":1}},"line":9}},"branchMap":{"0":{"loc":{"start":{"line":29,"column":25},"end":{"line":29,"column":58}},"type":"binary-expr","locations":[{"start":{"line":29,"column":25},"end":{"line":29,"column":49}},{"start":{"line":29,"column":53},"end":{"line":29,"column":58}}],"line":29},"1":{"loc":{"start":{"line":38,"column":25},"end":{"line":38,"column":58}},"type":"binary-expr","locations":[{"start":{"line":38,"column":25},"end":{"line":38,"column":49}},{"start":{"line":38,"column":53},"end":{"line":38,"column":58}}],"line":38},"2":{"loc":{"start":{"line":47,"column":18},"end":{"line":47,"column":43}},"type":"binary-expr","locations":[{"start":{"line":47,"column":18},"end":{"line":47,"column":34}},{"start":{"line":47,"column":38},"end":{"line":47,"column":43}}],"line":47},"3":{"loc":{"start":{"line":54,"column":18},"end":{"line":54,"column":39}},"type":"binary-expr","locations":[{"start":{"line":54,"column":18},"end":{"line":54,"column":30}},{"start":{"line":54,"column":34},"end":{"line":54,"column":39}}],"line":54}},"s":{"0":1,"1":0,"2":0},"f":{"0":0},"b":{"0":[0,0],"1":[0,0],"2":[0,0],"3":[0,0]},"_coverageSchema":"1a1c01bbd47fc00a2c39e90264f33305004495a9","hash":"f75f3af729ff792c9baa61e58c734a6480c4e613"}
,"/Users/avasic/Desktop/space-x-launches/src/features/launch/components/LaunchCard/index.ts": {"path":"/Users/avasic/Desktop/space-x-launches/src/features/launch/components/LaunchCard/index.ts","statementMap":{},"fnMap":{},"branchMap":{},"s":{},"f":{},"b":{},"_coverageSchema":"1a1c01bbd47fc00a2c39e90264f33305004495a9","hash":"5b2ec61300796d8238d2dfe9292947d1cc4a4c03"}
,"/Users/avasic/Desktop/space-x-launches/src/features/launch/components/LaunchCard/styles.ts": {"path":"/Users/avasic/Desktop/space-x-launches/src/features/launch/components/LaunchCard/styles.ts","statementMap":{"0":{"start":{"line":5,"column":15},"end":{"line":18,"column":2}}},"fnMap":{},"branchMap":{},"s":{"0":1},"f":{},"b":{},"_coverageSchema":"1a1c01bbd47fc00a2c39e90264f33305004495a9","hash":"061476d9a97784d9ecae6d0ed551e7de92e215d8"}
,"/Users/avasic/Desktop/space-x-launches/src/features/launch/components/LaunchCard/useViewModel.ts": {"path":"/Users/avasic/Desktop/space-x-launches/src/features/launch/components/LaunchCard/useViewModel.ts","statementMap":{"0":{"start":{"line":5,"column":21},"end":{"line":19,"column":1}},"1":{"start":{"line":6,"column":21},"end":{"line":6,"column":31}},"2":{"start":{"line":8,"column":25},"end":{"line":8,"column":42}},"3":{"start":{"line":8,"column":31},"end":{"line":8,"column":42}},"4":{"start":{"line":10,"column":20},"end":{"line":13,"column":3}},"5":{"start":{"line":15,"column":2},"end":{"line":18,"column":4}}},"fnMap":{"0":{"name":"(anonymous_0)","decl":{"start":{"line":5,"column":21},"end":{"line":5,"column":22}},"loc":{"start":{"line":5,"column":56},"end":{"line":19,"column":1}},"line":5},"1":{"name":"(anonymous_1)","decl":{"start":{"line":8,"column":25},"end":{"line":8,"column":26}},"loc":{"start":{"line":8,"column":31},"end":{"line":8,"column":42}},"line":8}},"branchMap":{},"s":{"0":1,"1":0,"2":0,"3":0,"4":0,"5":0},"f":{"0":0,"1":0},"b":{},"_coverageSchema":"1a1c01bbd47fc00a2c39e90264f33305004495a9","hash":"f0c66cbcf76c9641a3a8b0aa24d5eb6df13308bb"}
,"/Users/avasic/Desktop/space-x-launches/src/features/launch/components/LaunchesList/LaunchesList.view.tsx": {"path":"/Users/avasic/Desktop/space-x-launches/src/features/launch/components/LaunchesList/LaunchesList.view.tsx","statementMap":{"0":{"start":{"line":9,"column":25},"end":{"line":26,"column":1}},"1":{"start":{"line":10,"column":58},"end":{"line":10,"column":72}},"2":{"start":{"line":12,"column":2},"end":{"line":25,"column":4}},"3":{"start":{"line":15,"column":28},"end":{"line":15,"column":37}}},"fnMap":{"0":{"name":"(anonymous_0)","decl":{"start":{"line":9,"column":25},"end":{"line":9,"column":26}},"loc":{"start":{"line":9,"column":31},"end":{"line":26,"column":1}},"line":9},"1":{"name":"(anonymous_1)","decl":{"start":{"line":15,"column":20},"end":{"line":15,"column":21}},"loc":{"start":{"line":15,"column":28},"end":{"line":15,"column":37}},"line":15}},"branchMap":{},"s":{"0":1,"1":3,"2":2,"3":0},"f":{"0":3,"1":0},"b":{},"_coverageSchema":"1a1c01bbd47fc00a2c39e90264f33305004495a9","hash":"f8add991284624789d48e9dbc73cad5ac91f4348"}
,"/Users/avasic/Desktop/space-x-launches/src/features/launch/components/LaunchesList/index.ts": {"path":"/Users/avasic/Desktop/space-x-launches/src/features/launch/components/LaunchesList/index.ts","statementMap":{},"fnMap":{},"branchMap":{},"s":{},"f":{},"b":{},"_coverageSchema":"1a1c01bbd47fc00a2c39e90264f33305004495a9","hash":"f32e6c1b1d25ba5acd9943f4c38d9a896f08dde4"}
,"/Users/avasic/Desktop/space-x-launches/src/features/launch/components/LaunchesList/styles.ts": {"path":"/Users/avasic/Desktop/space-x-launches/src/features/launch/components/LaunchesList/styles.ts","statementMap":{"0":{"start":{"line":5,"column":15},"end":{"line":9,"column":2}}},"fnMap":{},"branchMap":{},"s":{"0":1},"f":{},"b":{},"_coverageSchema":"1a1c01bbd47fc00a2c39e90264f33305004495a9","hash":"b7abc8174a0db14d072133f8dcd1109e69d71628"}
[...]
,"/Users/avasic/Desktop/space-x-launches/src/services/ApolloService/index.ts": {"path":"/Users/avasic/Desktop/space-x-launches/src/services/ApolloService/index.ts","statementMap":{"0":{"start":{"line":3,"column":15},"end":{"line":6,"column":2}}},"fnMap":{},"branchMap":{},"s":{"0":1},"f":{},"b":{},"_coverageSchema":"1a1c01bbd47fc00a2c39e90264f33305004495a9","hash":"4d7602e44072043dd3d5dade2316432b4b484b35"}
,"/Users/avasic/Desktop/space-x-launches/src/services/StorageService/index.ts": {"path":"/Users/avasic/Desktop/space-x-launches/src/services/StorageService/index.ts","statementMap":{"0":{"start":{"line":7,"column":24},"end":{"line":7,"column":34}},"1":{"start":{"line":8,"column":23},"end":{"line":8,"column":38}},"2":{"start":{"line":10,"column":26},"end":{"line":14,"column":1}},"3":{"start":{"line":11,"column":43},"end":{"line":11,"column":74}},"4":{"start":{"line":12,"column":28},"end":{"line":12,"column":66}},"5":{"start":{"line":13,"column":31},"end":{"line":13,"column":58}},"6":{"start":{"line":16,"column":32},"end":{"line":21,"column":1}},"7":{"start":{"line":18,"column":4},"end":{"line":18,"column":71}},"8":{"start":{"line":19,"column":28},"end":{"line":19,"column":55}},"9":{"start":{"line":20,"column":31},"end":{"line":20,"column":61}},"10":{"start":{"line":23,"column":12},"end":{"line":24,"column":45}},"11":{"start":{"line":24,"column":2},"end":{"line":24,"column":45}}},"fnMap":{"0":{"name":"(anonymous_0)","decl":{"start":{"line":11,"column":11},"end":{"line":11,"column":12}},"loc":{"start":{"line":11,"column":43},"end":{"line":11,"column":74}},"line":11},"1":{"name":"(anonymous_1)","decl":{"start":{"line":12,"column":11},"end":{"line":12,"column":12}},"loc":{"start":{"line":12,"column":28},"end":{"line":12,"column":66}},"line":12},"2":{"name":"(anonymous_2)","decl":{"start":{"line":13,"column":14},"end":{"line":13,"column":15}},"loc":{"start":{"line":13,"column":31},"end":{"line":13,"column":58}},"line":13},"3":{"name":"(anonymous_3)","decl":{"start":{"line":17,"column":11},"end":{"line":17,"column":12}},"loc":{"start":{"line":18,"column":4},"end":{"line":18,"column":71}},"line":18},"4":{"name":"(anonymous_4)","decl":{"start":{"line":19,"column":11},"end":{"line":19,"column":12}},"loc":{"start":{"line":19,"column":28},"end":{"line":19,"column":55}},"line":19},"5":{"name":"(anonymous_5)","decl":{"start":{"line":20,"column":14},"end":{"line":20,"column":15}},"loc":{"start":{"line":20,"column":31},"end":{"line":20,"column":61}},"line":20},"6":{"name":"(anonymous_6)","decl":{"start":{"line":23,"column":12},"end":{"line":23,"column":13}},"loc":{"start":{"line":24,"column":2},"end":{"line":24,"column":45}},"line":24}},"branchMap":{"0":{"loc":{"start":{"line":12,"column":28},"end":{"line":12,"column":66}},"type":"binary-expr","locations":[{"start":{"line":12,"column":28},"end":{"line":12,"column":58}},{"start":{"line":12,"column":62},"end":{"line":12,"column":66}}],"line":12},"1":{"loc":{"start":{"line":23,"column":13},"end":{"line":23,"column":38}},"type":"default-arg","locations":[{"start":{"line":23,"column":29},"end":{"line":23,"column":38}}],"line":23},"2":{"loc":{"start":{"line":24,"column":2},"end":{"line":24,"column":45}},"type":"cond-expr","locations":[{"start":{"line":24,"column":22},"end":{"line":24,"column":35}},{"start":{"line":24,"column":38},"end":{"line":24,"column":45}}],"line":24}},"s":{"0":1,"1":1,"2":1,"3":1,"4":1,"5":0,"6":1,"7":0,"8":0,"9":0,"10":1,"11":1},"f":{"0":1,"1":1,"2":0,"3":0,"4":0,"5":0,"6":1},"b":{"0":[1,1],"1":[1],"2":[0,1]},"_coverageSchema":"1a1c01bbd47fc00a2c39e90264f33305004495a9","hash":"0f2692b7818632160515b27cd7ced6ba867a1305"}
,"/Users/avasic/Desktop/space-x-launches/src/stores/RootModalStore/index.ts": {"path":"/Users/avasic/Desktop/space-x-launches/src/stores/RootModalStore/index.ts","statementMap":{"0":{"start":{"line":5,"column":26},"end":{"line":15,"column":3}},"1":{"start":{"line":5,"column":57},"end":{"line":15,"column":1}},"2":{"start":{"line":8,"column":4},"end":{"line":10,"column":7}},"3":{"start":{"line":8,"column":22},"end":{"line":10,"column":5}},"4":{"start":{"line":12,"column":4},"end":{"line":14,"column":7}},"5":{"start":{"line":12,"column":22},"end":{"line":14,"column":5}}},"fnMap":{"0":{"name":"(anonymous_0)","decl":{"start":{"line":5,"column":49},"end":{"line":5,"column":50}},"loc":{"start":{"line":5,"column":57},"end":{"line":15,"column":1}},"line":5},"1":{"name":"(anonymous_1)","decl":{"start":{"line":7,"column":8},"end":{"line":7,"column":9}},"loc":{"start":{"line":8,"column":4},"end":{"line":10,"column":7}},"line":8},"2":{"name":"(anonymous_2)","decl":{"start":{"line":8,"column":8},"end":{"line":8,"column":9}},"loc":{"start":{"line":8,"column":22},"end":{"line":10,"column":5}},"line":8},"3":{"name":"(anonymous_3)","decl":{"start":{"line":11,"column":7},"end":{"line":11,"column":8}},"loc":{"start":{"line":12,"column":4},"end":{"line":14,"column":7}},"line":12},"4":{"name":"(anonymous_4)","decl":{"start":{"line":12,"column":8},"end":{"line":12,"column":9}},"loc":{"start":{"line":12,"column":22},"end":{"line":14,"column":5}},"line":12}},"branchMap":{},"s":{"0":1,"1":1,"2":0,"3":0,"4":0,"5":0},"f":{"0":1,"1":0,"2":0,"3":0,"4":0},"b":{},"_coverageSchema":"1a1c01bbd47fc00a2c39e90264f33305004495a9","hash":"c9845b5c194de3bba974635aebb0e8277fb1820b"}
,"/Users/avasic/Desktop/space-x-launches/src/stores/ThemeStore/index.ts": {"path":"/Users/avasic/Desktop/space-x-launches/src/stores/ThemeStore/index.ts","statementMap":{"0":{"start":{"line":9,"column":22},"end":{"line":20,"column":1}},"1":{"start":{"line":11,"column":12},"end":{"line":14,"column":5}},"2":{"start":{"line":13,"column":25},"end":{"line":13,"column":37}},"3":{"start":{"line":17,"column":39},"end":{"line":17,"column":59}}},"fnMap":{"0":{"name":"(anonymous_0)","decl":{"start":{"line":11,"column":4},"end":{"line":11,"column":5}},"loc":{"start":{"line":11,"column":12},"end":{"line":14,"column":5}},"line":11},"1":{"name":"(anonymous_1)","decl":{"start":{"line":13,"column":16},"end":{"line":13,"column":17}},"loc":{"start":{"line":13,"column":25},"end":{"line":13,"column":37}},"line":13},"2":{"name":"(anonymous_2)","decl":{"start":{"line":17,"column":33},"end":{"line":17,"column":34}},"loc":{"start":{"line":17,"column":39},"end":{"line":17,"column":59}},"line":17}},"branchMap":{"0":{"loc":{"start":{"line":12,"column":13},"end":{"line":12,"column":51}},"type":"binary-expr","locations":[{"start":{"line":12,"column":13},"end":{"line":12,"column":40}},{"start":{"line":12,"column":44},"end":{"line":12,"column":51}}],"line":12}},"s":{"0":1,"1":1,"2":0,"3":1},"f":{"0":1,"1":0,"2":1},"b":{"0":[1,0]},"_coverageSchema":"1a1c01bbd47fc00a2c39e90264f33305004495a9","hash":"ebd460db30e810f2702ce5ffb212dbec800984ae"}
,"/Users/avasic/Desktop/space-x-launches/src/theme/colors.ts": {"path":"/Users/avasic/Desktop/space-x-launches/src/theme/colors.ts","statementMap":{"0":{"start":{"line":108,"column":20},"end":{"line":118,"column":10}},"1":{"start":{"line":120,"column":28},"end":{"line":130,"column":1}},"2":{"start":{"line":138,"column":52},"end":{"line":141,"column":1}},"3":{"start":{"line":143,"column":35},"end":{"line":146,"column":55}},"4":{"start":{"line":146,"column":13},"end":{"line":146,"column":55}}},"fnMap":{"0":{"name":"(anonymous_0)","decl":{"start":{"line":143,"column":35},"end":{"line":143,"column":36}},"loc":{"start":{"line":146,"column":13},"end":{"line":146,"column":55}},"line":146}},"branchMap":{"0":{"loc":{"start":{"line":146,"column":35},"end":{"line":146,"column":52}},"type":"binary-expr","locations":[{"start":{"line":146,"column":35},"end":{"line":146,"column":42}},{"start":{"line":146,"column":46},"end":{"line":146,"column":52}}],"line":146}},"s":{"0":1,"1":1,"2":1,"3":1,"4":0},"f":{"0":0},"b":{"0":[0,0]},"_coverageSchema":"1a1c01bbd47fc00a2c39e90264f33305004495a9","hash":"dbafd88dd2806c25e380c12d195257c3e77ef6bb"}
,"/Users/avasic/Desktop/space-x-launches/src/theme/typography.ts": {"path":"/Users/avasic/Desktop/space-x-launches/src/theme/typography.ts","statementMap":{"0":{"start":{"line":5,"column":34},"end":{"line":8,"column":42}},"1":{"start":{"line":8,"column":13},"end":{"line":8,"column":42}},"2":{"start":{"line":45,"column":29},"end":{"line":90,"column":1}},"3":{"start":{"line":49,"column":23},"end":{"line":66,"column":3}},"4":{"start":{"line":68,"column":24},"end":{"line":77,"column":24}},"5":{"start":{"line":69,"column":4},"end":{"line":77,"column":24}},"6":{"start":{"line":70,"column":6},"end":{"line":76,"column":8}},"7":{"start":{"line":79,"column":21},"end":{"line":87,"column":22}},"8":{"start":{"line":80,"column":20},"end":{"line":80,"column":39}},"9":{"start":{"line":81,"column":18},"end":{"line":81,"column":41}},"10":{"start":{"line":83,"column":4},"end":{"line":86,"column":6}},"11":{"start":{"line":89,"column":2},"end":{"line":89,"column":20}},"12":{"start":{"line":92,"column":21},"end":{"line":94,"column":1}}},"fnMap":{"0":{"name":"(anonymous_0)","decl":{"start":{"line":5,"column":34},"end":{"line":5,"column":35}},"loc":{"start":{"line":8,"column":13},"end":{"line":8,"column":42}},"line":8},"1":{"name":"(anonymous_1)","decl":{"start":{"line":45,"column":29},"end":{"line":45,"column":30}},"loc":{"start":{"line":48,"column":17},"end":{"line":90,"column":1}},"line":48},"2":{"name":"(anonymous_2)","decl":{"start":{"line":68,"column":24},"end":{"line":68,"column":25}},"loc":{"start":{"line":69,"column":4},"end":{"line":77,"column":24}},"line":69},"3":{"name":"(anonymous_3)","decl":{"start":{"line":69,"column":46},"end":{"line":69,"column":47}},"loc":{"start":{"line":69,"column":60},"end":{"line":77,"column":5}},"line":69},"4":{"name":"(anonymous_4)","decl":{"start":{"line":79,"column":60},"end":{"line":79,"column":61}},"loc":{"start":{"line":79,"column":74},"end":{"line":87,"column":3}},"line":79}},"branchMap":{},"s":{"0":1,"1":7,"2":1,"3":1,"4":1,"5":6,"6":42,"7":1,"8":6,"9":6,"10":6,"11":1,"12":1},"f":{"0":7,"1":1,"2":6,"3":42,"4":6},"b":{},"_coverageSchema":"1a1c01bbd47fc00a2c39e90264f33305004495a9","hash":"0e52ac50e9e970cba81d9f9c6a8d0c23d4ca109e"}
,"/Users/avasic/Desktop/space-x-launches/src/translations/index.ts": {"path":"/Users/avasic/Desktop/space-x-launches/src/translations/index.ts","statementMap":{"0":{"start":{"line":12,"column":27},"end":{"line":22,"column":1}},"1":{"start":{"line":15,"column":19},"end":{"line":18,"column":50}},"2":{"start":{"line":20,"column":4},"end":{"line":20,"column":32}},"3":{"start":{"line":24,"column":18},"end":{"line":27,"column":10}},"4":{"start":{"line":29,"column":0},"end":{"line":40,"column":3}}},"fnMap":{"0":{"name":"(anonymous_0)","decl":{"start":{"line":14,"column":10},"end":{"line":14,"column":11}},"loc":{"start":{"line":14,"column":16},"end":{"line":21,"column":3}},"line":14}},"branchMap":{"0":{"loc":{"start":{"line":15,"column":19},"end":{"line":18,"column":50}},"type":"cond-expr","locations":[{"start":{"line":16,"column":8},"end":{"line":17,"column":64}},{"start":{"line":18,"column":8},"end":{"line":18,"column":50}}],"line":15},"1":{"loc":{"start":{"line":16,"column":8},"end":{"line":17,"column":64}},"type":"binary-expr","locations":[{"start":{"line":16,"column":8},"end":{"line":16,"column":58}},{"start":{"line":17,"column":8},"end":{"line":17,"column":64}}],"line":16}},"s":{"0":1,"1":1,"2":1,"3":1,"4":1},"f":{"0":1},"b":{"0":[0,1],"1":[0,0]},"_coverageSchema":"1a1c01bbd47fc00a2c39e90264f33305004495a9","hash":"2bc5384c80436a6f4f1029500a674cda3ca40f07"}
,"/Users/avasic/Desktop/space-x-launches/src/translations/useTranslation.ts": {"path":"/Users/avasic/Desktop/space-x-launches/src/translations/useTranslation.ts","statementMap":{"0":{"start":{"line":7,"column":30},"end":{"line":28,"column":1}},"1":{"start":{"line":8,"column":20},"end":{"line":8,"column":39}},"2":{"start":{"line":10,"column":17},"end":{"line":25,"column":3}},"3":{"start":{"line":12,"column":23},"end":{"line":12,"column":37}},"4":{"start":{"line":14,"column":6},"end":{"line":16,"column":7}},"5":{"start":{"line":15,"column":8},"end":{"line":15,"column":41}},"6":{"start":{"line":18,"column":6},"end":{"line":22,"column":8}},"7":{"start":{"line":27,"column":2},"end":{"line":27,"column":45}}},"fnMap":{"0":{"name":"(anonymous_0)","decl":{"start":{"line":7,"column":30},"end":{"line":7,"column":31}},"loc":{"start":{"line":7,"column":36},"end":{"line":28,"column":1}},"line":7},"1":{"name":"(anonymous_1)","decl":{"start":{"line":11,"column":4},"end":{"line":11,"column":5}},"loc":{"start":{"line":11,"column":45},"end":{"line":23,"column":5}},"line":11}},"branchMap":{"0":{"loc":{"start":{"line":14,"column":6},"end":{"line":16,"column":7}},"type":"if","locations":[{"start":{"line":14,"column":6},"end":{"line":16,"column":7}},{"start":{},"end":{}}],"line":14},"1":{"loc":{"start":{"line":19,"column":8},"end":{"line":21,"column":51}},"type":"binary-expr","locations":[{"start":{"line":19,"column":8},"end":{"line":21,"column":22}},{"start":{"line":21,"column":26},"end":{"line":21,"column":51}}],"line":19}},"s":{"0":1,"1":0,"2":0,"3":0,"4":0,"5":0,"6":0,"7":0},"f":{"0":0,"1":0},"b":{"0":[0,0],"1":[0,0]},"_coverageSchema":"1a1c01bbd47fc00a2c39e90264f33305004495a9","hash":"d843a751b5a6c10fcc1b56c7b3fe77c519f609f0"}
,"/Users/avasic/Desktop/space-x-launches/src/translations/locales/en.ts": {"path":"/Users/avasic/Desktop/space-x-launches/src/translations/locales/en.ts","statementMap":{"0":{"start":{"line":5,"column":18},"end":{"line":17,"column":10}}},"fnMap":{},"branchMap":{},"s":{"0":1},"f":{},"b":{},"_coverageSchema":"1a1c01bbd47fc00a2c39e90264f33305004495a9","hash":"412627464c6a2a4fff09d9d44d4ef1b34b96a458"}
,"/Users/avasic/Desktop/space-x-launches/src/translations/locales/sr.ts": {"path":"/Users/avasic/Desktop/space-x-launches/src/translations/locales/sr.ts","statementMap":{"0":{"start":{"line":3,"column":24},"end":{"line":15,"column":1}}},"fnMap":{},"branchMap":{},"s":{"0":1},"f":{},"b":{},"_coverageSchema":"1a1c01bbd47fc00a2c39e90264f33305004495a9","hash":"b84e314980c62da4fd2416f22ecd86a5453b4193"}
,"/Users/avasic/Desktop/space-x-launches/src/utils/enumHelper/index.ts": {"path":"/Users/avasic/Desktop/space-x-launches/src/utils/enumHelper/index.ts","statementMap":{"0":{"start":{"line":1,"column":18},"end":{"line":2,"column":66}},"1":{"start":{"line":2,"column":2},"end":{"line":2,"column":66}},"2":{"start":{"line":2,"column":34},"end":{"line":2,"column":65}}},"fnMap":{"0":{"name":"(anonymous_0)","decl":{"start":{"line":1,"column":18},"end":{"line":1,"column":19}},"loc":{"start":{"line":2,"column":2},"end":{"line":2,"column":66}},"line":2},"1":{"name":"(anonymous_1)","decl":{"start":{"line":2,"column":27},"end":{"line":2,"column":28}},"loc":{"start":{"line":2,"column":34},"end":{"line":2,"column":65}},"line":2}},"branchMap":{},"s":{"0":1,"1":7,"2":54},"f":{"0":7,"1":54},"b":{},"_coverageSchema":"1a1c01bbd47fc00a2c39e90264f33305004495a9","hash":"49266032055da9c10d5b0deea3cf22fbadd2e931"}
,"/Users/avasic/Desktop/space-x-launches/src/utils/logger/index.ts": {"path":"/Users/avasic/Desktop/space-x-launches/src/utils/logger/index.ts","statementMap":{"0":{"start":{"line":3,"column":28},"end":{"line":25,"column":2}},"1":{"start":{"line":5,"column":4},"end":{"line":8,"column":5}},"2":{"start":{"line":6,"column":6},"end":{"line":6,"column":36}},"3":{"start":{"line":7,"column":6},"end":{"line":7,"column":13}},"4":{"start":{"line":12,"column":4},"end":{"line":15,"column":5}},"5":{"start":{"line":13,"column":6},"end":{"line":13,"column":37}},"6":{"start":{"line":14,"column":6},"end":{"line":14,"column":13}},"7":{"start":{"line":19,"column":4},"end":{"line":22,"column":5}},"8":{"start":{"line":20,"column":6},"end":{"line":20,"column":38}},"9":{"start":{"line":21,"column":6},"end":{"line":21,"column":13}}},"fnMap":{"0":{"name":"(anonymous_0)","decl":{"start":{"line":4,"column":7},"end":{"line":4,"column":8}},"loc":{"start":{"line":4,"column":54},"end":{"line":10,"column":3}},"line":4},"1":{"name":"(anonymous_1)","decl":{"start":{"line":11,"column":8},"end":{"line":11,"column":9}},"loc":{"start":{"line":11,"column":55},"end":{"line":17,"column":3}},"line":11},"2":{"name":"(anonymous_2)","decl":{"start":{"line":18,"column":9},"end":{"line":18,"column":10}},"loc":{"start":{"line":18,"column":56},"end":{"line":24,"column":3}},"line":18}},"branchMap":{"0":{"loc":{"start":{"line":4,"column":25},"end":{"line":4,"column":49}},"type":"default-arg","locations":[{"start":{"line":4,"column":47},"end":{"line":4,"column":49}}],"line":4},"1":{"loc":{"start":{"line":5,"column":4},"end":{"line":8,"column":5}},"type":"if","locations":[{"start":{"line":5,"column":4},"end":{"line":8,"column":5}},{"start":{},"end":{}}],"line":5},"2":{"loc":{"start":{"line":11,"column":26},"end":{"line":11,"column":50}},"type":"default-arg","locations":[{"start":{"line":11,"column":48},"end":{"line":11,"column":50}}],"line":11},"3":{"loc":{"start":{"line":12,"column":4},"end":{"line":15,"column":5}},"type":"if","locations":[{"start":{"line":12,"column":4},"end":{"line":15,"column":5}},{"start":{},"end":{}}],"line":12},"4":{"loc":{"start":{"line":18,"column":27},"end":{"line":18,"column":51}},"type":"default-arg","locations":[{"start":{"line":18,"column":49},"end":{"line":18,"column":51}}],"line":18},"5":{"loc":{"start":{"line":19,"column":4},"end":{"line":22,"column":5}},"type":"if","locations":[{"start":{"line":19,"column":4},"end":{"line":22,"column":5}},{"start":{},"end":{}}],"line":19}},"s":{"0":1,"1":0,"2":0,"3":0,"4":0,"5":0,"6":0,"7":0,"8":0,"9":0},"f":{"0":0,"1":0,"2":0},"b":{"0":[0],"1":[0,0],"2":[0],"3":[0,0],"4":[0],"5":[0,0]},"_coverageSchema":"1a1c01bbd47fc00a2c39e90264f33305004495a9","hash":"2959245bf1a67bc6b13525d70231eb6e6bcc57c2"}
,"/Users/avasic/Desktop/space-x-launches/src/utils/scheme/index.ts": {"path":"/Users/avasic/Desktop/space-x-launches/src/utils/scheme/index.ts","statementMap":{"0":{"start":{"line":6,"column":16},"end":{"line":6,"column":68}},"1":{"start":{"line":6,"column":49},"end":{"line":6,"column":68}},"2":{"start":{"line":8,"column":14},"end":{"line":8,"column":69}},"3":{"start":{"line":8,"column":43},"end":{"line":8,"column":69}}},"fnMap":{"0":{"name":"(anonymous_0)","decl":{"start":{"line":6,"column":16},"end":{"line":6,"column":17}},"loc":{"start":{"line":6,"column":49},"end":{"line":6,"column":68}},"line":6},"1":{"name":"(anonymous_1)","decl":{"start":{"line":8,"column":14},"end":{"line":8,"column":15}},"loc":{"start":{"line":8,"column":43},"end":{"line":8,"column":69}},"line":8}},"branchMap":{},"s":{"0":1,"1":0,"2":1,"3":0},"f":{"0":0,"1":0},"b":{},"_coverageSchema":"1a1c01bbd47fc00a2c39e90264f33305004495a9","hash":"6848b77cf10e2b4f868d44e993b651f5427d6e60"}
,"/Users/avasic/Desktop/space-x-launches/tests/SnapshotProvider.tsx": {"path":"/Users/avasic/Desktop/space-x-launches/tests/SnapshotProvider.tsx","statementMap":{"0":{"start":{"line":10,"column":4},"end":{"line":16,"column":1}},"1":{"start":{"line":11,"column":2},"end":{"line":15,"column":4}}},"fnMap":{"0":{"name":"(anonymous_0)","decl":{"start":{"line":10,"column":4},"end":{"line":10,"column":5}},"loc":{"start":{"line":10,"column":32},"end":{"line":16,"column":1}},"line":10}},"branchMap":{"0":{"loc":{"start":{"line":10,"column":16},"end":{"line":10,"column":26}},"type":"default-arg","locations":[{"start":{"line":10,"column":24},"end":{"line":10,"column":26}}],"line":10}},"s":{"0":1,"1":1},"f":{"0":1},"b":{"0":[0]},"_coverageSchema":"1a1c01bbd47fc00a2c39e90264f33305004495a9","hash":"1be1a8898a254e92a3781c849087f3b5cc9c5867"}
,"/Users/avasic/Desktop/space-x-launches/tests/index.ts": {"path":"/Users/avasic/Desktop/space-x-launches/tests/index.ts","statementMap":{},"fnMap":{},"branchMap":{},"s":{},"f":{},"b":{},"_coverageSchema":"1a1c01bbd47fc00a2c39e90264f33305004495a9","hash":"6701f23341f80ef944f2ecd8575fc5fd208f44ef"}
}
